{"C:\\Users\\UCHE\\Desktop\\More Recipe\\server\\test.js":{"path":"C:\\Users\\UCHE\\Desktop\\More Recipe\\server\\test.js","statementMap":{"0":{"start":{"line":3,"column":16},"end":{"line":3,"column":36}},"1":{"start":{"line":5,"column":17},"end":{"line":5,"column":50}},"2":{"start":{"line":7,"column":12},"end":{"line":7,"column":27}},"3":{"start":{"line":9,"column":13},"end":{"line":9,"column":42}},"4":{"start":{"line":11,"column":11},"end":{"line":11,"column":35}},"5":{"start":{"line":13,"column":12},"end":{"line":13,"column":40}},"6":{"start":{"line":15,"column":14},"end":{"line":15,"column":41}},"7":{"start":{"line":17,"column":15},"end":{"line":17,"column":46}},"8":{"start":{"line":19,"column":39},"end":{"line":19,"column":93}},"9":{"start":{"line":21,"column":13},"end":{"line":21,"column":34}},"10":{"start":{"line":23,"column":0},"end":{"line":23,"column":39}},"11":{"start":{"line":24,"column":16},"end":{"line":24,"column":22}},"12":{"start":{"line":26,"column":0},"end":{"line":204,"column":3}},"13":{"start":{"line":27,"column":2},"end":{"line":30,"column":5}},"14":{"start":{"line":28,"column":4},"end":{"line":28,"column":76}},"15":{"start":{"line":29,"column":4},"end":{"line":29,"column":11}},"16":{"start":{"line":31,"column":2},"end":{"line":56,"column":5}},"17":{"start":{"line":32,"column":4},"end":{"line":37,"column":7}},"18":{"start":{"line":33,"column":6},"end":{"line":36,"column":9}},"19":{"start":{"line":34,"column":8},"end":{"line":34,"column":40}},"20":{"start":{"line":35,"column":8},"end":{"line":35,"column":15}},"21":{"start":{"line":38,"column":4},"end":{"line":43,"column":7}},"22":{"start":{"line":39,"column":6},"end":{"line":42,"column":9}},"23":{"start":{"line":40,"column":8},"end":{"line":40,"column":40}},"24":{"start":{"line":41,"column":8},"end":{"line":41,"column":15}},"25":{"start":{"line":44,"column":4},"end":{"line":49,"column":7}},"26":{"start":{"line":45,"column":6},"end":{"line":48,"column":9}},"27":{"start":{"line":46,"column":8},"end":{"line":46,"column":40}},"28":{"start":{"line":47,"column":8},"end":{"line":47,"column":15}},"29":{"start":{"line":50,"column":4},"end":{"line":55,"column":7}},"30":{"start":{"line":51,"column":6},"end":{"line":54,"column":9}},"31":{"start":{"line":52,"column":8},"end":{"line":52,"column":40}},"32":{"start":{"line":53,"column":8},"end":{"line":53,"column":15}},"33":{"start":{"line":57,"column":2},"end":{"line":71,"column":5}},"34":{"start":{"line":58,"column":4},"end":{"line":70,"column":7}},"35":{"start":{"line":59,"column":6},"end":{"line":69,"column":9}},"36":{"start":{"line":67,"column":8},"end":{"line":67,"column":40}},"37":{"start":{"line":68,"column":8},"end":{"line":68,"column":15}},"38":{"start":{"line":72,"column":2},"end":{"line":85,"column":5}},"39":{"start":{"line":73,"column":4},"end":{"line":78,"column":7}},"40":{"start":{"line":74,"column":6},"end":{"line":77,"column":9}},"41":{"start":{"line":75,"column":8},"end":{"line":75,"column":40}},"42":{"start":{"line":76,"column":8},"end":{"line":76,"column":15}},"43":{"start":{"line":79,"column":4},"end":{"line":84,"column":7}},"44":{"start":{"line":80,"column":6},"end":{"line":83,"column":9}},"45":{"start":{"line":81,"column":8},"end":{"line":81,"column":40}},"46":{"start":{"line":82,"column":8},"end":{"line":82,"column":15}},"47":{"start":{"line":86,"column":2},"end":{"line":97,"column":5}},"48":{"start":{"line":87,"column":4},"end":{"line":96,"column":7}},"49":{"start":{"line":88,"column":6},"end":{"line":95,"column":9}},"50":{"start":{"line":93,"column":8},"end":{"line":93,"column":41}},"51":{"start":{"line":94,"column":8},"end":{"line":94,"column":15}},"52":{"start":{"line":98,"column":2},"end":{"line":203,"column":5}},"53":{"start":{"line":99,"column":4},"end":{"line":107,"column":7}},"54":{"start":{"line":100,"column":6},"end":{"line":106,"column":9}},"55":{"start":{"line":104,"column":8},"end":{"line":104,"column":41}},"56":{"start":{"line":105,"column":8},"end":{"line":105,"column":15}},"57":{"start":{"line":108,"column":4},"end":{"line":117,"column":7}},"58":{"start":{"line":109,"column":6},"end":{"line":116,"column":9}},"59":{"start":{"line":113,"column":8},"end":{"line":113,"column":41}},"60":{"start":{"line":114,"column":8},"end":{"line":114,"column":78}},"61":{"start":{"line":115,"column":8},"end":{"line":115,"column":15}},"62":{"start":{"line":118,"column":4},"end":{"line":127,"column":7}},"63":{"start":{"line":119,"column":6},"end":{"line":126,"column":9}},"64":{"start":{"line":123,"column":8},"end":{"line":123,"column":41}},"65":{"start":{"line":124,"column":8},"end":{"line":124,"column":82}},"66":{"start":{"line":125,"column":8},"end":{"line":125,"column":15}},"67":{"start":{"line":128,"column":4},"end":{"line":133,"column":7}},"68":{"start":{"line":129,"column":6},"end":{"line":132,"column":9}},"69":{"start":{"line":130,"column":8},"end":{"line":130,"column":41}},"70":{"start":{"line":131,"column":8},"end":{"line":131,"column":15}},"71":{"start":{"line":134,"column":4},"end":{"line":139,"column":7}},"72":{"start":{"line":135,"column":6},"end":{"line":138,"column":9}},"73":{"start":{"line":136,"column":8},"end":{"line":136,"column":41}},"74":{"start":{"line":137,"column":8},"end":{"line":137,"column":15}},"75":{"start":{"line":140,"column":4},"end":{"line":153,"column":7}},"76":{"start":{"line":141,"column":6},"end":{"line":146,"column":9}},"77":{"start":{"line":142,"column":8},"end":{"line":145,"column":11}},"78":{"start":{"line":143,"column":10},"end":{"line":143,"column":37}},"79":{"start":{"line":144,"column":10},"end":{"line":144,"column":17}},"80":{"start":{"line":147,"column":6},"end":{"line":152,"column":9}},"81":{"start":{"line":148,"column":8},"end":{"line":151,"column":11}},"82":{"start":{"line":149,"column":10},"end":{"line":149,"column":43}},"83":{"start":{"line":150,"column":10},"end":{"line":150,"column":17}},"84":{"start":{"line":154,"column":4},"end":{"line":162,"column":7}},"85":{"start":{"line":155,"column":6},"end":{"line":161,"column":9}},"86":{"start":{"line":156,"column":8},"end":{"line":160,"column":11}},"87":{"start":{"line":157,"column":10},"end":{"line":157,"column":43}},"88":{"start":{"line":158,"column":10},"end":{"line":158,"column":89}},"89":{"start":{"line":159,"column":10},"end":{"line":159,"column":17}},"90":{"start":{"line":163,"column":4},"end":{"line":171,"column":7}},"91":{"start":{"line":164,"column":6},"end":{"line":170,"column":9}},"92":{"start":{"line":165,"column":8},"end":{"line":169,"column":11}},"93":{"start":{"line":166,"column":10},"end":{"line":166,"column":43}},"94":{"start":{"line":167,"column":10},"end":{"line":167,"column":107}},"95":{"start":{"line":168,"column":10},"end":{"line":168,"column":17}},"96":{"start":{"line":172,"column":4},"end":{"line":194,"column":7}},"97":{"start":{"line":173,"column":6},"end":{"line":179,"column":9}},"98":{"start":{"line":174,"column":8},"end":{"line":178,"column":11}},"99":{"start":{"line":175,"column":10},"end":{"line":175,"column":43}},"100":{"start":{"line":176,"column":10},"end":{"line":176,"column":80}},"101":{"start":{"line":177,"column":10},"end":{"line":177,"column":17}},"102":{"start":{"line":180,"column":6},"end":{"line":186,"column":9}},"103":{"start":{"line":181,"column":8},"end":{"line":185,"column":11}},"104":{"start":{"line":182,"column":10},"end":{"line":182,"column":43}},"105":{"start":{"line":183,"column":10},"end":{"line":183,"column":95}},"106":{"start":{"line":184,"column":10},"end":{"line":184,"column":17}},"107":{"start":{"line":187,"column":6},"end":{"line":193,"column":9}},"108":{"start":{"line":188,"column":8},"end":{"line":192,"column":11}},"109":{"start":{"line":189,"column":10},"end":{"line":189,"column":43}},"110":{"start":{"line":190,"column":10},"end":{"line":190,"column":53}},"111":{"start":{"line":191,"column":10},"end":{"line":191,"column":17}},"112":{"start":{"line":195,"column":4},"end":{"line":202,"column":7}},"113":{"start":{"line":196,"column":6},"end":{"line":201,"column":9}},"114":{"start":{"line":197,"column":8},"end":{"line":200,"column":11}},"115":{"start":{"line":198,"column":10},"end":{"line":198,"column":43}},"116":{"start":{"line":199,"column":10},"end":{"line":199,"column":17}}},"fnMap":{"0":{"name":"_interopRequireDefault","decl":{"start":{"line":19,"column":9},"end":{"line":19,"column":31}},"loc":{"start":{"line":19,"column":37},"end":{"line":19,"column":95}},"line":19},"1":{"name":"(anonymous_1)","decl":{"start":{"line":26,"column":25},"end":{"line":26,"column":26}},"loc":{"start":{"line":26,"column":37},"end":{"line":204,"column":1}},"line":26},"2":{"name":"(anonymous_2)","decl":{"start":{"line":27,"column":8},"end":{"line":27,"column":9}},"loc":{"start":{"line":27,"column":24},"end":{"line":30,"column":3}},"line":27},"3":{"name":"(anonymous_3)","decl":{"start":{"line":31,"column":20},"end":{"line":31,"column":21}},"loc":{"start":{"line":31,"column":32},"end":{"line":56,"column":3}},"line":31},"4":{"name":"(anonymous_4)","decl":{"start":{"line":32,"column":28},"end":{"line":32,"column":29}},"loc":{"start":{"line":32,"column":44},"end":{"line":37,"column":5}},"line":32},"5":{"name":"(anonymous_5)","decl":{"start":{"line":33,"column":57},"end":{"line":33,"column":58}},"loc":{"start":{"line":33,"column":77},"end":{"line":36,"column":7}},"line":33},"6":{"name":"(anonymous_6)","decl":{"start":{"line":38,"column":47},"end":{"line":38,"column":48}},"loc":{"start":{"line":38,"column":63},"end":{"line":43,"column":5}},"line":38},"7":{"name":"(anonymous_7)","decl":{"start":{"line":39,"column":67},"end":{"line":39,"column":68}},"loc":{"start":{"line":39,"column":87},"end":{"line":42,"column":7}},"line":39},"8":{"name":"(anonymous_8)","decl":{"start":{"line":44,"column":58},"end":{"line":44,"column":59}},"loc":{"start":{"line":44,"column":74},"end":{"line":49,"column":5}},"line":44},"9":{"name":"(anonymous_9)","decl":{"start":{"line":45,"column":108},"end":{"line":45,"column":109}},"loc":{"start":{"line":45,"column":128},"end":{"line":48,"column":7}},"line":45},"10":{"name":"(anonymous_10)","decl":{"start":{"line":50,"column":59},"end":{"line":50,"column":60}},"loc":{"start":{"line":50,"column":75},"end":{"line":55,"column":5}},"line":50},"11":{"name":"(anonymous_11)","decl":{"start":{"line":51,"column":80},"end":{"line":51,"column":81}},"loc":{"start":{"line":51,"column":100},"end":{"line":54,"column":7}},"line":51},"12":{"name":"(anonymous_12)","decl":{"start":{"line":57,"column":26},"end":{"line":57,"column":27}},"loc":{"start":{"line":57,"column":38},"end":{"line":71,"column":3}},"line":57},"13":{"name":"(anonymous_13)","decl":{"start":{"line":58,"column":60},"end":{"line":58,"column":61}},"loc":{"start":{"line":58,"column":76},"end":{"line":70,"column":5}},"line":58},"14":{"name":"(anonymous_14)","decl":{"start":{"line":66,"column":13},"end":{"line":66,"column":14}},"loc":{"start":{"line":66,"column":33},"end":{"line":69,"column":7}},"line":66},"15":{"name":"(anonymous_15)","decl":{"start":{"line":72,"column":37},"end":{"line":72,"column":38}},"loc":{"start":{"line":72,"column":49},"end":{"line":85,"column":3}},"line":72},"16":{"name":"(anonymous_16)","decl":{"start":{"line":73,"column":28},"end":{"line":73,"column":29}},"loc":{"start":{"line":73,"column":44},"end":{"line":78,"column":5}},"line":73},"17":{"name":"(anonymous_17)","decl":{"start":{"line":74,"column":71},"end":{"line":74,"column":72}},"loc":{"start":{"line":74,"column":91},"end":{"line":77,"column":7}},"line":74},"18":{"name":"(anonymous_18)","decl":{"start":{"line":79,"column":47},"end":{"line":79,"column":48}},"loc":{"start":{"line":79,"column":63},"end":{"line":84,"column":5}},"line":79},"19":{"name":"(anonymous_19)","decl":{"start":{"line":80,"column":89},"end":{"line":80,"column":90}},"loc":{"start":{"line":80,"column":109},"end":{"line":83,"column":7}},"line":80},"20":{"name":"(anonymous_20)","decl":{"start":{"line":86,"column":35},"end":{"line":86,"column":36}},"loc":{"start":{"line":86,"column":47},"end":{"line":97,"column":3}},"line":86},"21":{"name":"(anonymous_21)","decl":{"start":{"line":87,"column":45},"end":{"line":87,"column":46}},"loc":{"start":{"line":87,"column":61},"end":{"line":96,"column":5}},"line":87},"22":{"name":"(anonymous_22)","decl":{"start":{"line":92,"column":13},"end":{"line":92,"column":14}},"loc":{"start":{"line":92,"column":33},"end":{"line":95,"column":7}},"line":92},"23":{"name":"(anonymous_23)","decl":{"start":{"line":98,"column":28},"end":{"line":98,"column":29}},"loc":{"start":{"line":98,"column":40},"end":{"line":203,"column":3}},"line":98},"24":{"name":"(anonymous_24)","decl":{"start":{"line":99,"column":53},"end":{"line":99,"column":54}},"loc":{"start":{"line":99,"column":69},"end":{"line":107,"column":5}},"line":99},"25":{"name":"(anonymous_25)","decl":{"start":{"line":103,"column":13},"end":{"line":103,"column":14}},"loc":{"start":{"line":103,"column":33},"end":{"line":106,"column":7}},"line":103},"26":{"name":"(anonymous_26)","decl":{"start":{"line":108,"column":55},"end":{"line":108,"column":56}},"loc":{"start":{"line":108,"column":71},"end":{"line":117,"column":5}},"line":108},"27":{"name":"(anonymous_27)","decl":{"start":{"line":112,"column":13},"end":{"line":112,"column":14}},"loc":{"start":{"line":112,"column":33},"end":{"line":116,"column":7}},"line":112},"28":{"name":"(anonymous_28)","decl":{"start":{"line":118,"column":52},"end":{"line":118,"column":53}},"loc":{"start":{"line":118,"column":68},"end":{"line":127,"column":5}},"line":118},"29":{"name":"(anonymous_29)","decl":{"start":{"line":122,"column":13},"end":{"line":122,"column":14}},"loc":{"start":{"line":122,"column":33},"end":{"line":126,"column":7}},"line":122},"30":{"name":"(anonymous_30)","decl":{"start":{"line":128,"column":63},"end":{"line":128,"column":64}},"loc":{"start":{"line":128,"column":79},"end":{"line":133,"column":5}},"line":128},"31":{"name":"(anonymous_31)","decl":{"start":{"line":129,"column":130},"end":{"line":129,"column":131}},"loc":{"start":{"line":129,"column":150},"end":{"line":132,"column":7}},"line":129},"32":{"name":"(anonymous_32)","decl":{"start":{"line":134,"column":66},"end":{"line":134,"column":67}},"loc":{"start":{"line":134,"column":82},"end":{"line":139,"column":5}},"line":134},"33":{"name":"(anonymous_33)","decl":{"start":{"line":135,"column":136},"end":{"line":135,"column":137}},"loc":{"start":{"line":135,"column":156},"end":{"line":138,"column":7}},"line":135},"34":{"name":"(anonymous_34)","decl":{"start":{"line":140,"column":31},"end":{"line":140,"column":32}},"loc":{"start":{"line":140,"column":43},"end":{"line":153,"column":5}},"line":140},"35":{"name":"(anonymous_35)","decl":{"start":{"line":141,"column":13},"end":{"line":141,"column":14}},"loc":{"start":{"line":141,"column":29},"end":{"line":146,"column":7}},"line":141},"36":{"name":"(anonymous_36)","decl":{"start":{"line":142,"column":131},"end":{"line":142,"column":132}},"loc":{"start":{"line":142,"column":151},"end":{"line":145,"column":9}},"line":142},"37":{"name":"(anonymous_37)","decl":{"start":{"line":147,"column":61},"end":{"line":147,"column":62}},"loc":{"start":{"line":147,"column":77},"end":{"line":152,"column":7}},"line":147},"38":{"name":"(anonymous_38)","decl":{"start":{"line":148,"column":75},"end":{"line":148,"column":76}},"loc":{"start":{"line":148,"column":95},"end":{"line":151,"column":9}},"line":148},"39":{"name":"(anonymous_39)","decl":{"start":{"line":154,"column":33},"end":{"line":154,"column":34}},"loc":{"start":{"line":154,"column":45},"end":{"line":162,"column":5}},"line":154},"40":{"name":"(anonymous_40)","decl":{"start":{"line":155,"column":51},"end":{"line":155,"column":52}},"loc":{"start":{"line":155,"column":67},"end":{"line":161,"column":7}},"line":155},"41":{"name":"(anonymous_41)","decl":{"start":{"line":156,"column":352},"end":{"line":156,"column":353}},"loc":{"start":{"line":156,"column":372},"end":{"line":160,"column":9}},"line":156},"42":{"name":"(anonymous_42)","decl":{"start":{"line":163,"column":33},"end":{"line":163,"column":34}},"loc":{"start":{"line":163,"column":45},"end":{"line":171,"column":5}},"line":163},"43":{"name":"(anonymous_43)","decl":{"start":{"line":164,"column":43},"end":{"line":164,"column":44}},"loc":{"start":{"line":164,"column":59},"end":{"line":170,"column":7}},"line":164},"44":{"name":"(anonymous_44)","decl":{"start":{"line":165,"column":373},"end":{"line":165,"column":374}},"loc":{"start":{"line":165,"column":393},"end":{"line":169,"column":9}},"line":165},"45":{"name":"(anonymous_45)","decl":{"start":{"line":172,"column":33},"end":{"line":172,"column":34}},"loc":{"start":{"line":172,"column":45},"end":{"line":194,"column":5}},"line":172},"46":{"name":"(anonymous_46)","decl":{"start":{"line":173,"column":55},"end":{"line":173,"column":56}},"loc":{"start":{"line":173,"column":71},"end":{"line":179,"column":7}},"line":173},"47":{"name":"(anonymous_47)","decl":{"start":{"line":174,"column":163},"end":{"line":174,"column":164}},"loc":{"start":{"line":174,"column":183},"end":{"line":178,"column":9}},"line":174},"48":{"name":"(anonymous_48)","decl":{"start":{"line":180,"column":60},"end":{"line":180,"column":61}},"loc":{"start":{"line":180,"column":76},"end":{"line":186,"column":7}},"line":180},"49":{"name":"(anonymous_49)","decl":{"start":{"line":181,"column":201},"end":{"line":181,"column":202}},"loc":{"start":{"line":181,"column":221},"end":{"line":185,"column":9}},"line":181},"50":{"name":"(anonymous_50)","decl":{"start":{"line":187,"column":38},"end":{"line":187,"column":39}},"loc":{"start":{"line":187,"column":54},"end":{"line":193,"column":7}},"line":187},"51":{"name":"(anonymous_51)","decl":{"start":{"line":188,"column":200},"end":{"line":188,"column":201}},"loc":{"start":{"line":188,"column":220},"end":{"line":192,"column":9}},"line":188},"52":{"name":"(anonymous_52)","decl":{"start":{"line":195,"column":38},"end":{"line":195,"column":39}},"loc":{"start":{"line":195,"column":50},"end":{"line":202,"column":5}},"line":195},"53":{"name":"(anonymous_53)","decl":{"start":{"line":196,"column":48},"end":{"line":196,"column":49}},"loc":{"start":{"line":196,"column":64},"end":{"line":201,"column":7}},"line":196},"54":{"name":"(anonymous_54)","decl":{"start":{"line":197,"column":136},"end":{"line":197,"column":137}},"loc":{"start":{"line":197,"column":156},"end":{"line":200,"column":9}},"line":197}},"branchMap":{"0":{"loc":{"start":{"line":19,"column":46},"end":{"line":19,"column":92}},"type":"cond-expr","locations":[{"start":{"line":19,"column":70},"end":{"line":19,"column":73}},{"start":{"line":19,"column":76},"end":{"line":19,"column":92}}],"line":19},"1":{"loc":{"start":{"line":19,"column":46},"end":{"line":19,"column":67}},"type":"binary-expr","locations":[{"start":{"line":19,"column":46},"end":{"line":19,"column":49}},{"start":{"line":19,"column":53},"end":{"line":19,"column":67}}],"line":19}},"s":{"0":1,"1":1,"2":1,"3":1,"4":1,"5":1,"6":1,"7":1,"8":4,"9":1,"10":1,"11":1,"12":1,"13":1,"14":1,"15":1,"16":1,"17":1,"18":1,"19":1,"20":0,"21":1,"22":1,"23":1,"24":1,"25":1,"26":1,"27":1,"28":1,"29":1,"30":1,"31":1,"32":0,"33":1,"34":1,"35":1,"36":1,"37":0,"38":1,"39":1,"40":1,"41":1,"42":0,"43":1,"44":1,"45":1,"46":0,"47":1,"48":1,"49":1,"50":1,"51":0,"52":1,"53":1,"54":1,"55":1,"56":0,"57":1,"58":1,"59":1,"60":1,"61":1,"62":1,"63":1,"64":1,"65":1,"66":1,"67":1,"68":1,"69":1,"70":0,"71":1,"72":1,"73":1,"74":0,"75":1,"76":1,"77":1,"78":1,"79":1,"80":1,"81":1,"82":1,"83":0,"84":1,"85":1,"86":1,"87":1,"88":0,"89":0,"90":1,"91":1,"92":1,"93":1,"94":0,"95":0,"96":1,"97":1,"98":1,"99":1,"100":0,"101":0,"102":1,"103":1,"104":1,"105":0,"106":0,"107":1,"108":1,"109":1,"110":0,"111":0,"112":1,"113":1,"114":1,"115":1,"116":0},"f":{"0":4,"1":1,"2":1,"3":1,"4":1,"5":1,"6":1,"7":1,"8":1,"9":1,"10":1,"11":1,"12":1,"13":1,"14":1,"15":1,"16":1,"17":1,"18":1,"19":1,"20":1,"21":1,"22":1,"23":1,"24":1,"25":1,"26":1,"27":1,"28":1,"29":1,"30":1,"31":1,"32":1,"33":1,"34":1,"35":1,"36":1,"37":1,"38":1,"39":1,"40":1,"41":1,"42":1,"43":1,"44":1,"45":1,"46":1,"47":1,"48":1,"49":1,"50":1,"51":1,"52":1,"53":1,"54":1},"b":{"0":[1,3],"1":[4,4]},"_coverageSchema":"332fd63041d2c1bcb487cc26dd0d5f7d97098a6c","hash":"1bf0616f5e998246d709044e8da36f5193813996","contentHash":"aa0195c40adfd2588d33d85c3b9f1be9_11.2.1"},"C:\\Users\\UCHE\\Desktop\\More Recipe\\server\\app.js":{"path":"C:\\Users\\UCHE\\Desktop\\More Recipe\\server\\app.js","statementMap":{"0":{"start":{"line":3,"column":0},"end":{"line":5,"column":3}},"1":{"start":{"line":7,"column":15},"end":{"line":7,"column":33}},"2":{"start":{"line":9,"column":16},"end":{"line":9,"column":48}},"3":{"start":{"line":11,"column":14},"end":{"line":11,"column":31}},"4":{"start":{"line":13,"column":15},"end":{"line":13,"column":46}},"5":{"start":{"line":15,"column":18},"end":{"line":15,"column":40}},"6":{"start":{"line":17,"column":19},"end":{"line":17,"column":54}},"7":{"start":{"line":19,"column":14},"end":{"line":19,"column":31}},"8":{"start":{"line":21,"column":15},"end":{"line":21,"column":46}},"9":{"start":{"line":23,"column":12},"end":{"line":23,"column":27}},"10":{"start":{"line":25,"column":13},"end":{"line":25,"column":42}},"11":{"start":{"line":27,"column":13},"end":{"line":27,"column":38}},"12":{"start":{"line":29,"column":14},"end":{"line":29,"column":44}},"13":{"start":{"line":31,"column":39},"end":{"line":31,"column":93}},"14":{"start":{"line":33,"column":10},"end":{"line":33,"column":34}},"15":{"start":{"line":35,"column":0},"end":{"line":35,"column":38}},"16":{"start":{"line":37,"column":0},"end":{"line":37,"column":37}},"17":{"start":{"line":38,"column":0},"end":{"line":38,"column":61}},"18":{"start":{"line":39,"column":0},"end":{"line":39,"column":26}},"19":{"start":{"line":40,"column":0},"end":{"line":42,"column":3}},"20":{"start":{"line":41,"column":2},"end":{"line":41,"column":63}},"21":{"start":{"line":43,"column":0},"end":{"line":43,"column":26}},"22":{"start":{"line":44,"column":11},"end":{"line":44,"column":35}},"23":{"start":{"line":45,"column":0},"end":{"line":45,"column":22}},"24":{"start":{"line":46,"column":13},"end":{"line":46,"column":45}},"25":{"start":{"line":47,"column":0},"end":{"line":49,"column":3}},"26":{"start":{"line":48,"column":2},"end":{"line":48,"column":46}},"27":{"start":{"line":51,"column":0},"end":{"line":51,"column":22}}},"fnMap":{"0":{"name":"_interopRequireDefault","decl":{"start":{"line":31,"column":9},"end":{"line":31,"column":31}},"loc":{"start":{"line":31,"column":37},"end":{"line":31,"column":95}},"line":31},"1":{"name":"(anonymous_1)","decl":{"start":{"line":40,"column":13},"end":{"line":40,"column":14}},"loc":{"start":{"line":40,"column":33},"end":{"line":42,"column":1}},"line":40},"2":{"name":"(anonymous_2)","decl":{"start":{"line":47,"column":20},"end":{"line":47,"column":21}},"loc":{"start":{"line":47,"column":32},"end":{"line":49,"column":1}},"line":47}},"branchMap":{"0":{"loc":{"start":{"line":31,"column":46},"end":{"line":31,"column":92}},"type":"cond-expr","locations":[{"start":{"line":31,"column":70},"end":{"line":31,"column":73}},{"start":{"line":31,"column":76},"end":{"line":31,"column":92}}],"line":31},"1":{"loc":{"start":{"line":31,"column":46},"end":{"line":31,"column":67}},"type":"binary-expr","locations":[{"start":{"line":31,"column":46},"end":{"line":31,"column":49}},{"start":{"line":31,"column":53},"end":{"line":31,"column":67}}],"line":31},"2":{"loc":{"start":{"line":44,"column":11},"end":{"line":44,"column":35}},"type":"binary-expr","locations":[{"start":{"line":44,"column":11},"end":{"line":44,"column":27}},{"start":{"line":44,"column":31},"end":{"line":44,"column":35}}],"line":44}},"s":{"0":1,"1":1,"2":1,"3":1,"4":1,"5":1,"6":1,"7":1,"8":1,"9":1,"10":1,"11":1,"12":1,"13":6,"14":1,"15":1,"16":1,"17":1,"18":1,"19":1,"20":12,"21":1,"22":1,"23":1,"24":1,"25":1,"26":1,"27":1},"f":{"0":6,"1":12,"2":1},"b":{"0":[1,5],"1":[6,6],"2":[1,1]},"_coverageSchema":"332fd63041d2c1bcb487cc26dd0d5f7d97098a6c","hash":"6cbcad3caa73f98fdb081d7b67a09d0d3b117513","contentHash":"505c2ffd808621d88a0b0515cca2c7f5_11.2.1"},"C:\\Users\\UCHE\\Desktop\\More Recipe\\server\\routes\\index.js":{"path":"C:\\Users\\UCHE\\Desktop\\More Recipe\\server\\routes\\index.js","statementMap":{"0":{"start":{"line":3,"column":0},"end":{"line":5,"column":3}},"1":{"start":{"line":7,"column":22},"end":{"line":7,"column":62}},"2":{"start":{"line":9,"column":23},"end":{"line":9,"column":62}},"3":{"start":{"line":11,"column":13},"end":{"line":11,"column":45}},"4":{"start":{"line":13,"column":11},"end":{"line":13,"column":42}},"5":{"start":{"line":15,"column":15},"end":{"line":15,"column":49}},"6":{"start":{"line":17,"column":13},"end":{"line":17,"column":46}},"7":{"start":{"line":19,"column":15},"end":{"line":19,"column":49}},"8":{"start":{"line":21,"column":13},"end":{"line":21,"column":46}},"9":{"start":{"line":23,"column":13},"end":{"line":23,"column":45}},"10":{"start":{"line":25,"column":11},"end":{"line":25,"column":42}},"11":{"start":{"line":27,"column":17},"end":{"line":27,"column":53}},"12":{"start":{"line":29,"column":15},"end":{"line":29,"column":50}},"13":{"start":{"line":31,"column":40},"end":{"line":31,"column":267}},"14":{"start":{"line":31,"column":69},"end":{"line":31,"column":80}},"15":{"start":{"line":31,"column":103},"end":{"line":31,"column":105}},"16":{"start":{"line":31,"column":107},"end":{"line":31,"column":228}},"17":{"start":{"line":31,"column":126},"end":{"line":31,"column":226}},"18":{"start":{"line":31,"column":149},"end":{"line":31,"column":224}},"19":{"start":{"line":31,"column":201},"end":{"line":31,"column":224}},"20":{"start":{"line":31,"column":229},"end":{"line":31,"column":250}},"21":{"start":{"line":31,"column":251},"end":{"line":31,"column":265}},"22":{"start":{"line":33,"column":39},"end":{"line":33,"column":93}},"23":{"start":{"line":35,"column":11},"end":{"line":35,"column":29}},"24":{"start":{"line":36,"column":13},"end":{"line":36,"column":33}},"25":{"start":{"line":37,"column":13},"end":{"line":37,"column":33}},"26":{"start":{"line":38,"column":11},"end":{"line":38,"column":29}},"27":{"start":{"line":39,"column":15},"end":{"line":39,"column":37}},"28":{"start":{"line":41,"column":13},"end":{"line":59,"column":1}},"29":{"start":{"line":42,"column":2},"end":{"line":44,"column":5}},"30":{"start":{"line":43,"column":4},"end":{"line":43,"column":55}},"31":{"start":{"line":45,"column":2},"end":{"line":45,"column":52}},"32":{"start":{"line":46,"column":2},"end":{"line":46,"column":51}},"33":{"start":{"line":61,"column":0},"end":{"line":61,"column":25}}},"fnMap":{"0":{"name":"_interopRequireWildcard","decl":{"start":{"line":31,"column":9},"end":{"line":31,"column":32}},"loc":{"start":{"line":31,"column":38},"end":{"line":31,"column":269}},"line":31},"1":{"name":"_interopRequireDefault","decl":{"start":{"line":33,"column":9},"end":{"line":33,"column":31}},"loc":{"start":{"line":33,"column":37},"end":{"line":33,"column":95}},"line":33},"2":{"name":"router","decl":{"start":{"line":41,"column":22},"end":{"line":41,"column":28}},"loc":{"start":{"line":41,"column":34},"end":{"line":59,"column":1}},"line":41},"3":{"name":"(anonymous_3)","decl":{"start":{"line":42,"column":41},"end":{"line":42,"column":42}},"loc":{"start":{"line":42,"column":61},"end":{"line":44,"column":3}},"line":42}},"branchMap":{"0":{"loc":{"start":{"line":31,"column":40},"end":{"line":31,"column":267}},"type":"if","locations":[{"start":{"line":31,"column":40},"end":{"line":31,"column":267}},{"start":{"line":31,"column":40},"end":{"line":31,"column":267}}],"line":31},"1":{"loc":{"start":{"line":31,"column":44},"end":{"line":31,"column":65}},"type":"binary-expr","locations":[{"start":{"line":31,"column":44},"end":{"line":31,"column":47}},{"start":{"line":31,"column":51},"end":{"line":31,"column":65}}],"line":31},"2":{"loc":{"start":{"line":31,"column":107},"end":{"line":31,"column":228}},"type":"if","locations":[{"start":{"line":31,"column":107},"end":{"line":31,"column":228}},{"start":{"line":31,"column":107},"end":{"line":31,"column":228}}],"line":31},"3":{"loc":{"start":{"line":31,"column":149},"end":{"line":31,"column":224}},"type":"if","locations":[{"start":{"line":31,"column":149},"end":{"line":31,"column":224}},{"start":{"line":31,"column":149},"end":{"line":31,"column":224}}],"line":31},"4":{"loc":{"start":{"line":33,"column":46},"end":{"line":33,"column":92}},"type":"cond-expr","locations":[{"start":{"line":33,"column":70},"end":{"line":33,"column":73}},{"start":{"line":33,"column":76},"end":{"line":33,"column":92}}],"line":33},"5":{"loc":{"start":{"line":33,"column":46},"end":{"line":33,"column":67}},"type":"binary-expr","locations":[{"start":{"line":33,"column":46},"end":{"line":33,"column":49}},{"start":{"line":33,"column":53},"end":{"line":33,"column":67}}],"line":33}},"s":{"0":1,"1":1,"2":1,"3":1,"4":1,"5":1,"6":1,"7":1,"8":1,"9":1,"10":1,"11":1,"12":1,"13":5,"14":5,"15":0,"16":0,"17":0,"18":0,"19":0,"20":0,"21":0,"22":1,"23":1,"24":1,"25":1,"26":1,"27":1,"28":1,"29":1,"30":0,"31":1,"32":1,"33":1},"f":{"0":5,"1":1,"2":1,"3":0},"b":{"0":[5,0],"1":[5,5],"2":[0,0],"3":[0,0],"4":[1,0],"5":[1,1]},"_coverageSchema":"332fd63041d2c1bcb487cc26dd0d5f7d97098a6c","hash":"6d6b40faffdcb8b1a01a51fec1bbbbbf2528205e","contentHash":"fcdbcaf834df2dfd4942f772f72dab87_11.2.1"},"C:\\Users\\UCHE\\Desktop\\More Recipe\\server\\middlewares\\tokenValidator.js":{"path":"C:\\Users\\UCHE\\Desktop\\More Recipe\\server\\middlewares\\tokenValidator.js","statementMap":{"0":{"start":{"line":3,"column":0},"end":{"line":5,"column":3}},"1":{"start":{"line":7,"column":20},"end":{"line":7,"column":43}},"2":{"start":{"line":9,"column":21},"end":{"line":9,"column":58}},"3":{"start":{"line":11,"column":14},"end":{"line":11,"column":31}},"4":{"start":{"line":13,"column":15},"end":{"line":13,"column":46}},"5":{"start":{"line":15,"column":39},"end":{"line":15,"column":93}},"6":{"start":{"line":17,"column":0},"end":{"line":17,"column":26}},"7":{"start":{"line":18,"column":13},"end":{"line":18,"column":31}},"8":{"start":{"line":19,"column":15},"end":{"line":40,"column":1}},"9":{"start":{"line":20,"column":14},"end":{"line":20,"column":80}},"10":{"start":{"line":21,"column":2},"end":{"line":39,"column":3}},"11":{"start":{"line":23,"column":4},"end":{"line":32,"column":7}},"12":{"start":{"line":24,"column":6},"end":{"line":29,"column":7}},"13":{"start":{"line":25,"column":8},"end":{"line":28,"column":11}},"14":{"start":{"line":30,"column":6},"end":{"line":30,"column":28}},"15":{"start":{"line":31,"column":6},"end":{"line":31,"column":13}},"16":{"start":{"line":35,"column":4},"end":{"line":38,"column":7}},"17":{"start":{"line":42,"column":0},"end":{"line":42,"column":27}}},"fnMap":{"0":{"name":"_interopRequireDefault","decl":{"start":{"line":15,"column":9},"end":{"line":15,"column":31}},"loc":{"start":{"line":15,"column":37},"end":{"line":15,"column":95}},"line":15},"1":{"name":"validate","decl":{"start":{"line":19,"column":24},"end":{"line":19,"column":32}},"loc":{"start":{"line":19,"column":49},"end":{"line":40,"column":1}},"line":19},"2":{"name":"(anonymous_2)","decl":{"start":{"line":23,"column":49},"end":{"line":23,"column":50}},"loc":{"start":{"line":23,"column":75},"end":{"line":32,"column":5}},"line":23}},"branchMap":{"0":{"loc":{"start":{"line":15,"column":46},"end":{"line":15,"column":92}},"type":"cond-expr","locations":[{"start":{"line":15,"column":70},"end":{"line":15,"column":73}},{"start":{"line":15,"column":76},"end":{"line":15,"column":92}}],"line":15},"1":{"loc":{"start":{"line":15,"column":46},"end":{"line":15,"column":67}},"type":"binary-expr","locations":[{"start":{"line":15,"column":46},"end":{"line":15,"column":49}},{"start":{"line":15,"column":53},"end":{"line":15,"column":67}}],"line":15},"2":{"loc":{"start":{"line":20,"column":14},"end":{"line":20,"column":80}},"type":"binary-expr","locations":[{"start":{"line":20,"column":14},"end":{"line":20,"column":28}},{"start":{"line":20,"column":32},"end":{"line":20,"column":47}},{"start":{"line":20,"column":51},"end":{"line":20,"column":80}}],"line":20},"3":{"loc":{"start":{"line":21,"column":2},"end":{"line":39,"column":3}},"type":"if","locations":[{"start":{"line":21,"column":2},"end":{"line":39,"column":3}},{"start":{"line":21,"column":2},"end":{"line":39,"column":3}}],"line":21},"4":{"loc":{"start":{"line":24,"column":6},"end":{"line":29,"column":7}},"type":"if","locations":[{"start":{"line":24,"column":6},"end":{"line":29,"column":7}},{"start":{"line":24,"column":6},"end":{"line":29,"column":7}}],"line":24}},"s":{"0":1,"1":1,"2":1,"3":1,"4":1,"5":2,"6":1,"7":1,"8":1,"9":1,"10":1,"11":0,"12":0,"13":0,"14":0,"15":0,"16":1,"17":1},"f":{"0":2,"1":1,"2":0},"b":{"0":[0,2],"1":[2,2],"2":[1,1,1],"3":[0,1],"4":[0,0]},"_coverageSchema":"332fd63041d2c1bcb487cc26dd0d5f7d97098a6c","hash":"a8f6cf795ec8f73589398f45369f312a219c6001","contentHash":"86d40ae78d3cb6526034051906ef4267_11.2.1"},"C:\\Users\\UCHE\\Desktop\\More Recipe\\server\\controlllers\\users.js":{"path":"C:\\Users\\UCHE\\Desktop\\More Recipe\\server\\controlllers\\users.js","statementMap":{"0":{"start":{"line":3,"column":0},"end":{"line":5,"column":3}},"1":{"start":{"line":7,"column":19},"end":{"line":7,"column":563}},"2":{"start":{"line":7,"column":76},"end":{"line":7,"column":347}},"3":{"start":{"line":7,"column":134},"end":{"line":7,"column":142}},"4":{"start":{"line":7,"column":144},"end":{"line":7,"column":199}},"5":{"start":{"line":7,"column":200},"end":{"line":7,"column":231}},"6":{"start":{"line":7,"column":232},"end":{"line":7,"column":286}},"7":{"start":{"line":7,"column":259},"end":{"line":7,"column":286}},"8":{"start":{"line":7,"column":287},"end":{"line":7,"column":345}},"9":{"start":{"line":7,"column":350},"end":{"line":7,"column":559}},"10":{"start":{"line":7,"column":407},"end":{"line":7,"column":475}},"11":{"start":{"line":7,"column":423},"end":{"line":7,"column":475}},"12":{"start":{"line":7,"column":476},"end":{"line":7,"column":536}},"13":{"start":{"line":7,"column":493},"end":{"line":7,"column":536}},"14":{"start":{"line":7,"column":537},"end":{"line":7,"column":556}},"15":{"start":{"line":9,"column":20},"end":{"line":9,"column":43}},"16":{"start":{"line":11,"column":21},"end":{"line":11,"column":58}},"17":{"start":{"line":13,"column":17},"end":{"line":13,"column":37}},"18":{"start":{"line":15,"column":18},"end":{"line":15,"column":52}},"19":{"start":{"line":17,"column":14},"end":{"line":17,"column":34}},"20":{"start":{"line":19,"column":15},"end":{"line":19,"column":46}},"21":{"start":{"line":21,"column":23},"end":{"line":21,"column":61}},"22":{"start":{"line":23,"column":23},"end":{"line":23,"column":63}},"23":{"start":{"line":25,"column":22},"end":{"line":25,"column":59}},"24":{"start":{"line":27,"column":22},"end":{"line":27,"column":61}},"25":{"start":{"line":29,"column":18},"end":{"line":29,"column":52}},"26":{"start":{"line":31,"column":21},"end":{"line":31,"column":57}},"27":{"start":{"line":33,"column":40},"end":{"line":33,"column":267}},"28":{"start":{"line":33,"column":69},"end":{"line":33,"column":80}},"29":{"start":{"line":33,"column":103},"end":{"line":33,"column":105}},"30":{"start":{"line":33,"column":107},"end":{"line":33,"column":228}},"31":{"start":{"line":33,"column":126},"end":{"line":33,"column":226}},"32":{"start":{"line":33,"column":149},"end":{"line":33,"column":224}},"33":{"start":{"line":33,"column":201},"end":{"line":33,"column":224}},"34":{"start":{"line":33,"column":229},"end":{"line":33,"column":250}},"35":{"start":{"line":33,"column":251},"end":{"line":33,"column":265}},"36":{"start":{"line":35,"column":39},"end":{"line":35,"column":93}},"37":{"start":{"line":37,"column":50},"end":{"line":37,"column":151}},"38":{"start":{"line":37,"column":92},"end":{"line":37,"column":149}},"39":{"start":{"line":39,"column":13},"end":{"line":39,"column":41}},"40":{"start":{"line":40,"column":11},"end":{"line":40,"column":32}},"41":{"start":{"line":41,"column":13},"end":{"line":41,"column":31}},"42":{"start":{"line":49,"column":11},"end":{"line":270,"column":3}},"43":{"start":{"line":51,"column":4},"end":{"line":51,"column":32}},"44":{"start":{"line":54,"column":2},"end":{"line":267,"column":6}},"45":{"start":{"line":74,"column":6},"end":{"line":74,"column":28}},"46":{"start":{"line":76,"column":28},"end":{"line":76,"column":67}},"47":{"start":{"line":77,"column":19},"end":{"line":77,"column":41}},"48":{"start":{"line":78,"column":20},"end":{"line":78,"column":43}},"49":{"start":{"line":80,"column":6},"end":{"line":83,"column":7}},"50":{"start":{"line":82,"column":8},"end":{"line":82,"column":44}},"51":{"start":{"line":84,"column":6},"end":{"line":125,"column":9}},"52":{"start":{"line":87,"column":8},"end":{"line":87,"column":86}},"53":{"start":{"line":89,"column":8},"end":{"line":124,"column":9}},"54":{"start":{"line":90,"column":10},"end":{"line":90,"column":41}},"55":{"start":{"line":91,"column":25},"end":{"line":91,"column":63}},"56":{"start":{"line":92,"column":10},"end":{"line":123,"column":13}},"57":{"start":{"line":106,"column":12},"end":{"line":117,"column":13}},"58":{"start":{"line":107,"column":14},"end":{"line":111,"column":17}},"59":{"start":{"line":113,"column":14},"end":{"line":116,"column":17}},"60":{"start":{"line":119,"column":12},"end":{"line":122,"column":15}},"61":{"start":{"line":126,"column":6},"end":{"line":126,"column":18}},"62":{"start":{"line":141,"column":27},"end":{"line":141,"column":65}},"63":{"start":{"line":142,"column":19},"end":{"line":142,"column":40}},"64":{"start":{"line":143,"column":20},"end":{"line":143,"column":42}},"65":{"start":{"line":145,"column":6},"end":{"line":147,"column":7}},"66":{"start":{"line":146,"column":8},"end":{"line":146,"column":44}},"67":{"start":{"line":148,"column":6},"end":{"line":177,"column":9}},"68":{"start":{"line":151,"column":8},"end":{"line":176,"column":9}},"69":{"start":{"line":152,"column":23},"end":{"line":152,"column":87}},"70":{"start":{"line":153,"column":10},"end":{"line":170,"column":11}},"71":{"start":{"line":154,"column":24},"end":{"line":159,"column":44}},"72":{"start":{"line":160,"column":12},"end":{"line":164,"column":15}},"73":{"start":{"line":166,"column":12},"end":{"line":169,"column":15}},"74":{"start":{"line":172,"column":10},"end":{"line":175,"column":13}},"75":{"start":{"line":178,"column":6},"end":{"line":178,"column":18}},"76":{"start":{"line":192,"column":21},"end":{"line":192,"column":38}},"77":{"start":{"line":193,"column":6},"end":{"line":212,"column":9}},"78":{"start":{"line":198,"column":8},"end":{"line":211,"column":9}},"79":{"start":{"line":199,"column":23},"end":{"line":199,"column":78}},"80":{"start":{"line":200,"column":10},"end":{"line":210,"column":11}},"81":{"start":{"line":201,"column":12},"end":{"line":209,"column":15}},"82":{"start":{"line":206,"column":14},"end":{"line":206,"column":89}},"83":{"start":{"line":208,"column":14},"end":{"line":208,"column":91}},"84":{"start":{"line":213,"column":6},"end":{"line":213,"column":18}},"85":{"start":{"line":228,"column":18},"end":{"line":228,"column":32}},"86":{"start":{"line":229,"column":21},"end":{"line":229,"column":38}},"87":{"start":{"line":230,"column":28},"end":{"line":230,"column":52}},"88":{"start":{"line":232,"column":6},"end":{"line":234,"column":7}},"89":{"start":{"line":233,"column":8},"end":{"line":233,"column":58}},"90":{"start":{"line":235,"column":6},"end":{"line":240,"column":7}},"91":{"start":{"line":236,"column":8},"end":{"line":239,"column":11}},"92":{"start":{"line":241,"column":6},"end":{"line":264,"column":9}},"93":{"start":{"line":246,"column":8},"end":{"line":248,"column":9}},"94":{"start":{"line":247,"column":10},"end":{"line":247,"column":55}},"95":{"start":{"line":249,"column":8},"end":{"line":260,"column":9}},"96":{"start":{"line":250,"column":23},"end":{"line":253,"column":11}},"97":{"start":{"line":254,"column":10},"end":{"line":259,"column":13}},"98":{"start":{"line":255,"column":12},"end":{"line":255,"column":69}},"99":{"start":{"line":257,"column":12},"end":{"line":257,"column":31}},"100":{"start":{"line":258,"column":12},"end":{"line":258,"column":91}},"101":{"start":{"line":262,"column":8},"end":{"line":262,"column":27}},"102":{"start":{"line":263,"column":8},"end":{"line":263,"column":87}},"103":{"start":{"line":265,"column":6},"end":{"line":265,"column":18}},"104":{"start":{"line":269,"column":2},"end":{"line":269,"column":14}},"105":{"start":{"line":272,"column":0},"end":{"line":272,"column":23}}},"fnMap":{"0":{"name":"(anonymous_0)","decl":{"start":{"line":7,"column":19},"end":{"line":7,"column":20}},"loc":{"start":{"line":7,"column":31},"end":{"line":7,"column":561}},"line":7},"1":{"name":"defineProperties","decl":{"start":{"line":7,"column":42},"end":{"line":7,"column":58}},"loc":{"start":{"line":7,"column":74},"end":{"line":7,"column":349}},"line":7},"2":{"name":"(anonymous_2)","decl":{"start":{"line":7,"column":357},"end":{"line":7,"column":358}},"loc":{"start":{"line":7,"column":405},"end":{"line":7,"column":558}},"line":7},"3":{"name":"_interopRequireWildcard","decl":{"start":{"line":33,"column":9},"end":{"line":33,"column":32}},"loc":{"start":{"line":33,"column":38},"end":{"line":33,"column":269}},"line":33},"4":{"name":"_interopRequireDefault","decl":{"start":{"line":35,"column":9},"end":{"line":35,"column":31}},"loc":{"start":{"line":35,"column":37},"end":{"line":35,"column":95}},"line":35},"5":{"name":"_classCallCheck","decl":{"start":{"line":37,"column":9},"end":{"line":37,"column":24}},"loc":{"start":{"line":37,"column":48},"end":{"line":37,"column":153}},"line":37},"6":{"name":"(anonymous_6)","decl":{"start":{"line":49,"column":11},"end":{"line":49,"column":12}},"loc":{"start":{"line":49,"column":23},"end":{"line":270,"column":1}},"line":49},"7":{"name":"User","decl":{"start":{"line":50,"column":11},"end":{"line":50,"column":15}},"loc":{"start":{"line":50,"column":18},"end":{"line":52,"column":3}},"line":50},"8":{"name":"createUser","decl":{"start":{"line":73,"column":20},"end":{"line":73,"column":30}},"loc":{"start":{"line":73,"column":41},"end":{"line":127,"column":5}},"line":73},"9":{"name":"(anonymous_9)","decl":{"start":{"line":86,"column":15},"end":{"line":86,"column":16}},"loc":{"start":{"line":86,"column":27},"end":{"line":88,"column":7}},"line":86},"10":{"name":"(anonymous_10)","decl":{"start":{"line":88,"column":14},"end":{"line":88,"column":15}},"loc":{"start":{"line":88,"column":34},"end":{"line":125,"column":7}},"line":88},"11":{"name":"(anonymous_11)","decl":{"start":{"line":97,"column":18},"end":{"line":97,"column":19}},"loc":{"start":{"line":97,"column":37},"end":{"line":118,"column":11}},"line":97},"12":{"name":"(anonymous_12)","decl":{"start":{"line":118,"column":19},"end":{"line":118,"column":20}},"loc":{"start":{"line":118,"column":36},"end":{"line":123,"column":11}},"line":118},"13":{"name":"userLogin","decl":{"start":{"line":140,"column":20},"end":{"line":140,"column":29}},"loc":{"start":{"line":140,"column":40},"end":{"line":179,"column":5}},"line":140},"14":{"name":"(anonymous_14)","decl":{"start":{"line":150,"column":14},"end":{"line":150,"column":15}},"loc":{"start":{"line":150,"column":35},"end":{"line":177,"column":7}},"line":150},"15":{"name":"_delete","decl":{"start":{"line":191,"column":20},"end":{"line":191,"column":27}},"loc":{"start":{"line":191,"column":38},"end":{"line":214,"column":5}},"line":191},"16":{"name":"(anonymous_16)","decl":{"start":{"line":197,"column":14},"end":{"line":197,"column":15}},"loc":{"start":{"line":197,"column":35},"end":{"line":212,"column":7}},"line":197},"17":{"name":"(anonymous_17)","decl":{"start":{"line":205,"column":20},"end":{"line":205,"column":21}},"loc":{"start":{"line":205,"column":32},"end":{"line":207,"column":13}},"line":205},"18":{"name":"(anonymous_18)","decl":{"start":{"line":207,"column":21},"end":{"line":207,"column":22}},"loc":{"start":{"line":207,"column":33},"end":{"line":209,"column":13}},"line":207},"19":{"name":"updateUser","decl":{"start":{"line":225,"column":20},"end":{"line":225,"column":30}},"loc":{"start":{"line":225,"column":41},"end":{"line":266,"column":5}},"line":225},"20":{"name":"(anonymous_20)","decl":{"start":{"line":245,"column":14},"end":{"line":245,"column":15}},"loc":{"start":{"line":245,"column":35},"end":{"line":261,"column":7}},"line":245},"21":{"name":"(anonymous_21)","decl":{"start":{"line":254,"column":40},"end":{"line":254,"column":41}},"loc":{"start":{"line":254,"column":52},"end":{"line":256,"column":11}},"line":254},"22":{"name":"(anonymous_22)","decl":{"start":{"line":256,"column":19},"end":{"line":256,"column":20}},"loc":{"start":{"line":256,"column":36},"end":{"line":259,"column":11}},"line":256},"23":{"name":"(anonymous_23)","decl":{"start":{"line":261,"column":15},"end":{"line":261,"column":16}},"loc":{"start":{"line":261,"column":32},"end":{"line":264,"column":7}},"line":261}},"branchMap":{"0":{"loc":{"start":{"line":7,"column":168},"end":{"line":7,"column":198}},"type":"binary-expr","locations":[{"start":{"line":7,"column":168},"end":{"line":7,"column":189}},{"start":{"line":7,"column":193},"end":{"line":7,"column":198}}],"line":7},"1":{"loc":{"start":{"line":7,"column":232},"end":{"line":7,"column":286}},"type":"if","locations":[{"start":{"line":7,"column":232},"end":{"line":7,"column":286}},{"start":{"line":7,"column":232},"end":{"line":7,"column":286}}],"line":7},"2":{"loc":{"start":{"line":7,"column":407},"end":{"line":7,"column":475}},"type":"if","locations":[{"start":{"line":7,"column":407},"end":{"line":7,"column":475}},{"start":{"line":7,"column":407},"end":{"line":7,"column":475}}],"line":7},"3":{"loc":{"start":{"line":7,"column":476},"end":{"line":7,"column":536}},"type":"if","locations":[{"start":{"line":7,"column":476},"end":{"line":7,"column":536}},{"start":{"line":7,"column":476},"end":{"line":7,"column":536}}],"line":7},"4":{"loc":{"start":{"line":33,"column":40},"end":{"line":33,"column":267}},"type":"if","locations":[{"start":{"line":33,"column":40},"end":{"line":33,"column":267}},{"start":{"line":33,"column":40},"end":{"line":33,"column":267}}],"line":33},"5":{"loc":{"start":{"line":33,"column":44},"end":{"line":33,"column":65}},"type":"binary-expr","locations":[{"start":{"line":33,"column":44},"end":{"line":33,"column":47}},{"start":{"line":33,"column":51},"end":{"line":33,"column":65}}],"line":33},"6":{"loc":{"start":{"line":33,"column":107},"end":{"line":33,"column":228}},"type":"if","locations":[{"start":{"line":33,"column":107},"end":{"line":33,"column":228}},{"start":{"line":33,"column":107},"end":{"line":33,"column":228}}],"line":33},"7":{"loc":{"start":{"line":33,"column":149},"end":{"line":33,"column":224}},"type":"if","locations":[{"start":{"line":33,"column":149},"end":{"line":33,"column":224}},{"start":{"line":33,"column":149},"end":{"line":33,"column":224}}],"line":33},"8":{"loc":{"start":{"line":35,"column":46},"end":{"line":35,"column":92}},"type":"cond-expr","locations":[{"start":{"line":35,"column":70},"end":{"line":35,"column":73}},{"start":{"line":35,"column":76},"end":{"line":35,"column":92}}],"line":35},"9":{"loc":{"start":{"line":35,"column":46},"end":{"line":35,"column":67}},"type":"binary-expr","locations":[{"start":{"line":35,"column":46},"end":{"line":35,"column":49}},{"start":{"line":35,"column":53},"end":{"line":35,"column":67}}],"line":35},"10":{"loc":{"start":{"line":37,"column":50},"end":{"line":37,"column":151}},"type":"if","locations":[{"start":{"line":37,"column":50},"end":{"line":37,"column":151}},{"start":{"line":37,"column":50},"end":{"line":37,"column":151}}],"line":37},"11":{"loc":{"start":{"line":80,"column":6},"end":{"line":83,"column":7}},"type":"if","locations":[{"start":{"line":80,"column":6},"end":{"line":83,"column":7}},{"start":{"line":80,"column":6},"end":{"line":83,"column":7}}],"line":80},"12":{"loc":{"start":{"line":89,"column":8},"end":{"line":124,"column":9}},"type":"if","locations":[{"start":{"line":89,"column":8},"end":{"line":124,"column":9}},{"start":{"line":89,"column":8},"end":{"line":124,"column":9}}],"line":89},"13":{"loc":{"start":{"line":106,"column":12},"end":{"line":117,"column":13}},"type":"if","locations":[{"start":{"line":106,"column":12},"end":{"line":117,"column":13}},{"start":{"line":106,"column":12},"end":{"line":117,"column":13}}],"line":106},"14":{"loc":{"start":{"line":145,"column":6},"end":{"line":147,"column":7}},"type":"if","locations":[{"start":{"line":145,"column":6},"end":{"line":147,"column":7}},{"start":{"line":145,"column":6},"end":{"line":147,"column":7}}],"line":145},"15":{"loc":{"start":{"line":151,"column":8},"end":{"line":176,"column":9}},"type":"if","locations":[{"start":{"line":151,"column":8},"end":{"line":176,"column":9}},{"start":{"line":151,"column":8},"end":{"line":176,"column":9}}],"line":151},"16":{"loc":{"start":{"line":153,"column":10},"end":{"line":170,"column":11}},"type":"if","locations":[{"start":{"line":153,"column":10},"end":{"line":170,"column":11}},{"start":{"line":153,"column":10},"end":{"line":170,"column":11}}],"line":153},"17":{"loc":{"start":{"line":198,"column":8},"end":{"line":211,"column":9}},"type":"if","locations":[{"start":{"line":198,"column":8},"end":{"line":211,"column":9}},{"start":{"line":198,"column":8},"end":{"line":211,"column":9}}],"line":198},"18":{"loc":{"start":{"line":200,"column":10},"end":{"line":210,"column":11}},"type":"if","locations":[{"start":{"line":200,"column":10},"end":{"line":210,"column":11}},{"start":{"line":200,"column":10},"end":{"line":210,"column":11}}],"line":200},"19":{"loc":{"start":{"line":232,"column":6},"end":{"line":234,"column":7}},"type":"if","locations":[{"start":{"line":232,"column":6},"end":{"line":234,"column":7}},{"start":{"line":232,"column":6},"end":{"line":234,"column":7}}],"line":232},"20":{"loc":{"start":{"line":235,"column":6},"end":{"line":240,"column":7}},"type":"if","locations":[{"start":{"line":235,"column":6},"end":{"line":240,"column":7}},{"start":{"line":235,"column":6},"end":{"line":240,"column":7}}],"line":235},"21":{"loc":{"start":{"line":246,"column":8},"end":{"line":248,"column":9}},"type":"if","locations":[{"start":{"line":246,"column":8},"end":{"line":248,"column":9}},{"start":{"line":246,"column":8},"end":{"line":248,"column":9}}],"line":246},"22":{"loc":{"start":{"line":249,"column":8},"end":{"line":260,"column":9}},"type":"if","locations":[{"start":{"line":249,"column":8},"end":{"line":260,"column":9}},{"start":{"line":249,"column":8},"end":{"line":260,"column":9}}],"line":249},"23":{"loc":{"start":{"line":251,"column":19},"end":{"line":251,"column":68}},"type":"binary-expr","locations":[{"start":{"line":251,"column":19},"end":{"line":251,"column":38}},{"start":{"line":251,"column":42},"end":{"line":251,"column":68}}],"line":251},"24":{"loc":{"start":{"line":252,"column":22},"end":{"line":252,"column":84}},"type":"binary-expr","locations":[{"start":{"line":252,"column":22},"end":{"line":252,"column":51}},{"start":{"line":252,"column":55},"end":{"line":252,"column":84}}],"line":252}},"s":{"0":1,"1":1,"2":1,"3":4,"4":4,"5":4,"6":4,"7":4,"8":4,"9":1,"10":1,"11":1,"12":1,"13":0,"14":1,"15":1,"16":1,"17":1,"18":1,"19":1,"20":1,"21":1,"22":1,"23":1,"24":1,"25":1,"26":1,"27":1,"28":1,"29":0,"30":0,"31":0,"32":0,"33":0,"34":0,"35":0,"36":5,"37":1,"38":0,"39":1,"40":1,"41":1,"42":1,"43":1,"44":1,"45":3,"46":3,"47":0,"48":0,"49":0,"50":0,"51":0,"52":0,"53":0,"54":0,"55":0,"56":0,"57":0,"58":0,"59":0,"60":0,"61":0,"62":5,"63":5,"64":5,"65":5,"66":2,"67":3,"68":3,"69":0,"70":0,"71":0,"72":0,"73":0,"74":3,"75":3,"76":0,"77":0,"78":0,"79":0,"80":0,"81":0,"82":0,"83":0,"84":0,"85":0,"86":0,"87":0,"88":0,"89":0,"90":0,"91":0,"92":0,"93":0,"94":0,"95":0,"96":0,"97":0,"98":0,"99":0,"100":0,"101":0,"102":0,"103":0,"104":1,"105":1},"f":{"0":1,"1":1,"2":1,"3":1,"4":5,"5":1,"6":1,"7":1,"8":3,"9":0,"10":0,"11":0,"12":0,"13":5,"14":3,"15":0,"16":0,"17":0,"18":0,"19":0,"20":0,"21":0,"22":0,"23":0},"b":{"0":[4,4],"1":[4,0],"2":[1,0],"3":[0,1],"4":[1,0],"5":[1,1],"6":[0,0],"7":[0,0],"8":[2,3],"9":[5,5],"10":[0,1],"11":[0,0],"12":[0,0],"13":[0,0],"14":[2,3],"15":[0,3],"16":[0,0],"17":[0,0],"18":[0,0],"19":[0,0],"20":[0,0],"21":[0,0],"22":[0,0],"23":[0,0],"24":[0,0]},"_coverageSchema":"332fd63041d2c1bcb487cc26dd0d5f7d97098a6c","hash":"82573f24c3de2a53f01e3f2705698b6de8cb432b","contentHash":"ab20c9b4d9bc3df8aba22fcb60f37b11_11.2.1"},"C:\\Users\\UCHE\\Desktop\\More Recipe\\server\\models\\index.js":{"path":"C:\\Users\\UCHE\\Desktop\\More Recipe\\server\\models\\index.js","statementMap":{"0":{"start":{"line":3,"column":9},"end":{"line":3,"column":22}},"1":{"start":{"line":4,"column":11},"end":{"line":4,"column":26}},"2":{"start":{"line":6,"column":16},"end":{"line":6,"column":36}},"3":{"start":{"line":8,"column":10},"end":{"line":8,"column":47}},"4":{"start":{"line":9,"column":15},"end":{"line":9,"column":45}},"5":{"start":{"line":10,"column":13},"end":{"line":10,"column":62}},"6":{"start":{"line":12,"column":9},"end":{"line":12,"column":11}},"7":{"start":{"line":14,"column":16},"end":{"line":14,"column":22}},"8":{"start":{"line":16,"column":0},"end":{"line":20,"column":1}},"9":{"start":{"line":17,"column":2},"end":{"line":17,"column":66}},"10":{"start":{"line":19,"column":2},"end":{"line":19,"column":87}},"11":{"start":{"line":22,"column":0},"end":{"line":27,"column":3}},"12":{"start":{"line":23,"column":2},"end":{"line":23,"column":82}},"13":{"start":{"line":25,"column":14},"end":{"line":25,"column":58}},"14":{"start":{"line":26,"column":2},"end":{"line":26,"column":25}},"15":{"start":{"line":29,"column":0},"end":{"line":33,"column":3}},"16":{"start":{"line":30,"column":2},"end":{"line":32,"column":3}},"17":{"start":{"line":31,"column":4},"end":{"line":31,"column":32}},"18":{"start":{"line":35,"column":0},"end":{"line":35,"column":13}},"19":{"start":{"line":36,"column":0},"end":{"line":36,"column":13}},"20":{"start":{"line":38,"column":0},"end":{"line":38,"column":20}}},"fnMap":{"0":{"name":"(anonymous_0)","decl":{"start":{"line":22,"column":33},"end":{"line":22,"column":34}},"loc":{"start":{"line":22,"column":49},"end":{"line":24,"column":1}},"line":22},"1":{"name":"(anonymous_1)","decl":{"start":{"line":24,"column":11},"end":{"line":24,"column":12}},"loc":{"start":{"line":24,"column":27},"end":{"line":27,"column":1}},"line":24},"2":{"name":"(anonymous_2)","decl":{"start":{"line":29,"column":24},"end":{"line":29,"column":25}},"loc":{"start":{"line":29,"column":45},"end":{"line":33,"column":1}},"line":29}},"branchMap":{"0":{"loc":{"start":{"line":8,"column":10},"end":{"line":8,"column":47}},"type":"binary-expr","locations":[{"start":{"line":8,"column":10},"end":{"line":8,"column":30}},{"start":{"line":8,"column":34},"end":{"line":8,"column":47}}],"line":8},"1":{"loc":{"start":{"line":10,"column":13},"end":{"line":10,"column":62}},"type":"binary-expr","locations":[{"start":{"line":10,"column":13},"end":{"line":10,"column":45}},{"start":{"line":10,"column":49},"end":{"line":10,"column":62}}],"line":10},"2":{"loc":{"start":{"line":16,"column":0},"end":{"line":20,"column":1}},"type":"if","locations":[{"start":{"line":16,"column":0},"end":{"line":20,"column":1}},{"start":{"line":16,"column":0},"end":{"line":20,"column":1}}],"line":16},"3":{"loc":{"start":{"line":23,"column":9},"end":{"line":23,"column":81}},"type":"binary-expr","locations":[{"start":{"line":23,"column":9},"end":{"line":23,"column":32}},{"start":{"line":23,"column":36},"end":{"line":23,"column":53}},{"start":{"line":23,"column":57},"end":{"line":23,"column":81}}],"line":23},"4":{"loc":{"start":{"line":30,"column":2},"end":{"line":32,"column":3}},"type":"if","locations":[{"start":{"line":30,"column":2},"end":{"line":32,"column":3}},{"start":{"line":30,"column":2},"end":{"line":32,"column":3}}],"line":30}},"s":{"0":1,"1":1,"2":1,"3":1,"4":1,"5":1,"6":1,"7":1,"8":1,"9":0,"10":1,"11":1,"12":7,"13":6,"14":6,"15":1,"16":6,"17":6,"18":1,"19":1,"20":1},"f":{"0":7,"1":6,"2":6},"b":{"0":[1,1],"1":[1,0],"2":[0,1],"3":[7,7,6],"4":[6,0]},"_coverageSchema":"332fd63041d2c1bcb487cc26dd0d5f7d97098a6c","hash":"fab6c5c50a4c5d4af70d762b0e3d977934dc2242","contentHash":"db5bc51a889fbea76707d7abab18eae1_11.2.1"},"C:\\Users\\UCHE\\Desktop\\More Recipe\\server\\config\\config.js":{"path":"C:\\Users\\UCHE\\Desktop\\More Recipe\\server\\config\\config.js","statementMap":{"0":{"start":{"line":3,"column":13},"end":{"line":3,"column":30}},"1":{"start":{"line":5,"column":0},"end":{"line":5,"column":16}},"2":{"start":{"line":7,"column":0},"end":{"line":30,"column":2}}},"fnMap":{},"branchMap":{},"s":{"0":1,"1":1,"2":1},"f":{},"b":{},"_coverageSchema":"332fd63041d2c1bcb487cc26dd0d5f7d97098a6c","hash":"61d589e33b8fc8cc414b77be8244f53afe51daa0","contentHash":"05ace93e8fa2720581dc817ba8f438af_11.2.1"},"C:\\Users\\UCHE\\Desktop\\More Recipe\\server\\models\\downvote.js":{"path":"C:\\Users\\UCHE\\Desktop\\More Recipe\\server\\models\\downvote.js","statementMap":{"0":{"start":{"line":3,"column":0},"end":{"line":5,"column":3}},"1":{"start":{"line":7,"column":0},"end":{"line":30,"column":2}},"2":{"start":{"line":8,"column":17},"end":{"line":17,"column":4}},"3":{"start":{"line":18,"column":2},"end":{"line":27,"column":4}},"4":{"start":{"line":19,"column":4},"end":{"line":22,"column":7}},"5":{"start":{"line":23,"column":4},"end":{"line":26,"column":7}},"6":{"start":{"line":29,"column":2},"end":{"line":29,"column":18}}},"fnMap":{"0":{"name":"(anonymous_0)","decl":{"start":{"line":7,"column":18},"end":{"line":7,"column":19}},"loc":{"start":{"line":7,"column":50},"end":{"line":30,"column":1}},"line":7},"1":{"name":"(anonymous_1)","decl":{"start":{"line":18,"column":23},"end":{"line":18,"column":24}},"loc":{"start":{"line":18,"column":41},"end":{"line":27,"column":3}},"line":18}},"branchMap":{},"s":{"0":1,"1":1,"2":1,"3":1,"4":1,"5":1,"6":1},"f":{"0":1,"1":1},"b":{},"_coverageSchema":"332fd63041d2c1bcb487cc26dd0d5f7d97098a6c","hash":"0855c0eeab13f051b75a77613ceb0883f3636493","contentHash":"26ee58a959ac275d25bccd26fd1baaef_11.2.1"},"C:\\Users\\UCHE\\Desktop\\More Recipe\\server\\models\\favorite.js":{"path":"C:\\Users\\UCHE\\Desktop\\More Recipe\\server\\models\\favorite.js","statementMap":{"0":{"start":{"line":3,"column":0},"end":{"line":5,"column":3}},"1":{"start":{"line":7,"column":0},"end":{"line":30,"column":2}},"2":{"start":{"line":8,"column":17},"end":{"line":17,"column":4}},"3":{"start":{"line":19,"column":2},"end":{"line":28,"column":4}},"4":{"start":{"line":20,"column":4},"end":{"line":23,"column":7}},"5":{"start":{"line":24,"column":4},"end":{"line":27,"column":7}},"6":{"start":{"line":29,"column":2},"end":{"line":29,"column":18}}},"fnMap":{"0":{"name":"(anonymous_0)","decl":{"start":{"line":7,"column":18},"end":{"line":7,"column":19}},"loc":{"start":{"line":7,"column":50},"end":{"line":30,"column":1}},"line":7},"1":{"name":"(anonymous_1)","decl":{"start":{"line":19,"column":23},"end":{"line":19,"column":24}},"loc":{"start":{"line":19,"column":41},"end":{"line":28,"column":3}},"line":19}},"branchMap":{},"s":{"0":1,"1":1,"2":1,"3":1,"4":1,"5":1,"6":1},"f":{"0":1,"1":1},"b":{},"_coverageSchema":"332fd63041d2c1bcb487cc26dd0d5f7d97098a6c","hash":"5848e2dbb81eab5edc65dc19f4bcdbc931c73d19","contentHash":"ce7ed43f62c6d7ab952b3a210c6efde0_11.2.1"},"C:\\Users\\UCHE\\Desktop\\More Recipe\\server\\models\\recipe.js":{"path":"C:\\Users\\UCHE\\Desktop\\More Recipe\\server\\models\\recipe.js","statementMap":{"0":{"start":{"line":3,"column":0},"end":{"line":5,"column":3}},"1":{"start":{"line":7,"column":0},"end":{"line":66,"column":2}},"2":{"start":{"line":8,"column":15},"end":{"line":40,"column":4}},"3":{"start":{"line":42,"column":2},"end":{"line":63,"column":4}},"4":{"start":{"line":43,"column":4},"end":{"line":46,"column":7}},"5":{"start":{"line":47,"column":4},"end":{"line":50,"column":7}},"6":{"start":{"line":51,"column":4},"end":{"line":54,"column":7}},"7":{"start":{"line":55,"column":4},"end":{"line":58,"column":7}},"8":{"start":{"line":59,"column":4},"end":{"line":62,"column":7}},"9":{"start":{"line":65,"column":2},"end":{"line":65,"column":16}}},"fnMap":{"0":{"name":"(anonymous_0)","decl":{"start":{"line":7,"column":18},"end":{"line":7,"column":19}},"loc":{"start":{"line":7,"column":50},"end":{"line":66,"column":1}},"line":7},"1":{"name":"(anonymous_1)","decl":{"start":{"line":42,"column":21},"end":{"line":42,"column":22}},"loc":{"start":{"line":42,"column":39},"end":{"line":63,"column":3}},"line":42}},"branchMap":{},"s":{"0":1,"1":1,"2":1,"3":1,"4":1,"5":1,"6":1,"7":1,"8":1,"9":1},"f":{"0":1,"1":1},"b":{},"_coverageSchema":"332fd63041d2c1bcb487cc26dd0d5f7d97098a6c","hash":"df2b10083f78720a54d00ff40864cfccae7ca2f7","contentHash":"18ea87905363aa48d9cf8c538dfeabfa_11.2.1"},"C:\\Users\\UCHE\\Desktop\\More Recipe\\server\\models\\review.js":{"path":"C:\\Users\\UCHE\\Desktop\\More Recipe\\server\\models\\review.js","statementMap":{"0":{"start":{"line":3,"column":0},"end":{"line":5,"column":3}},"1":{"start":{"line":7,"column":0},"end":{"line":28,"column":2}},"2":{"start":{"line":8,"column":15},"end":{"line":21,"column":4}},"3":{"start":{"line":22,"column":2},"end":{"line":26,"column":4}},"4":{"start":{"line":24,"column":4},"end":{"line":24,"column":81}},"5":{"start":{"line":25,"column":4},"end":{"line":25,"column":85}},"6":{"start":{"line":27,"column":2},"end":{"line":27,"column":16}}},"fnMap":{"0":{"name":"(anonymous_0)","decl":{"start":{"line":7,"column":18},"end":{"line":7,"column":19}},"loc":{"start":{"line":7,"column":50},"end":{"line":28,"column":1}},"line":7},"1":{"name":"(anonymous_1)","decl":{"start":{"line":22,"column":21},"end":{"line":22,"column":22}},"loc":{"start":{"line":22,"column":39},"end":{"line":26,"column":3}},"line":22}},"branchMap":{},"s":{"0":1,"1":1,"2":1,"3":1,"4":1,"5":1,"6":1},"f":{"0":1,"1":1},"b":{},"_coverageSchema":"332fd63041d2c1bcb487cc26dd0d5f7d97098a6c","hash":"f9b5696e5767b3a725f14f585befd865627699de","contentHash":"2ce308a1c51087042bd3880276884452_11.2.1"},"C:\\Users\\UCHE\\Desktop\\More Recipe\\server\\models\\upvote.js":{"path":"C:\\Users\\UCHE\\Desktop\\More Recipe\\server\\models\\upvote.js","statementMap":{"0":{"start":{"line":3,"column":0},"end":{"line":5,"column":3}},"1":{"start":{"line":7,"column":0},"end":{"line":30,"column":2}},"2":{"start":{"line":8,"column":15},"end":{"line":17,"column":4}},"3":{"start":{"line":18,"column":2},"end":{"line":27,"column":4}},"4":{"start":{"line":19,"column":4},"end":{"line":22,"column":7}},"5":{"start":{"line":23,"column":4},"end":{"line":26,"column":7}},"6":{"start":{"line":29,"column":2},"end":{"line":29,"column":16}}},"fnMap":{"0":{"name":"(anonymous_0)","decl":{"start":{"line":7,"column":18},"end":{"line":7,"column":19}},"loc":{"start":{"line":7,"column":50},"end":{"line":30,"column":1}},"line":7},"1":{"name":"(anonymous_1)","decl":{"start":{"line":18,"column":21},"end":{"line":18,"column":22}},"loc":{"start":{"line":18,"column":39},"end":{"line":27,"column":3}},"line":18}},"branchMap":{},"s":{"0":1,"1":1,"2":1,"3":1,"4":1,"5":1,"6":1},"f":{"0":1,"1":1},"b":{},"_coverageSchema":"332fd63041d2c1bcb487cc26dd0d5f7d97098a6c","hash":"ec6c4a7c9bf3b1da48dea119ab06bf8ee2a3336a","contentHash":"473f798709da48256cc86518f5670d9f_11.2.1"},"C:\\Users\\UCHE\\Desktop\\More Recipe\\server\\models\\user.js":{"path":"C:\\Users\\UCHE\\Desktop\\More Recipe\\server\\models\\user.js","statementMap":{"0":{"start":{"line":3,"column":0},"end":{"line":5,"column":3}},"1":{"start":{"line":7,"column":0},"end":{"line":58,"column":2}},"2":{"start":{"line":8,"column":13},"end":{"line":32,"column":4}},"3":{"start":{"line":34,"column":2},"end":{"line":55,"column":4}},"4":{"start":{"line":35,"column":4},"end":{"line":38,"column":7}},"5":{"start":{"line":39,"column":4},"end":{"line":42,"column":7}},"6":{"start":{"line":43,"column":4},"end":{"line":46,"column":7}},"7":{"start":{"line":47,"column":4},"end":{"line":50,"column":7}},"8":{"start":{"line":51,"column":4},"end":{"line":54,"column":7}},"9":{"start":{"line":57,"column":2},"end":{"line":57,"column":14}}},"fnMap":{"0":{"name":"(anonymous_0)","decl":{"start":{"line":7,"column":18},"end":{"line":7,"column":19}},"loc":{"start":{"line":7,"column":50},"end":{"line":58,"column":1}},"line":7},"1":{"name":"(anonymous_1)","decl":{"start":{"line":34,"column":19},"end":{"line":34,"column":20}},"loc":{"start":{"line":34,"column":37},"end":{"line":55,"column":3}},"line":34}},"branchMap":{},"s":{"0":1,"1":1,"2":1,"3":1,"4":1,"5":1,"6":1,"7":1,"8":1,"9":1},"f":{"0":1,"1":1},"b":{},"_coverageSchema":"332fd63041d2c1bcb487cc26dd0d5f7d97098a6c","hash":"45b29f71720dc1c50f79cc89f67204ba7802ba73","contentHash":"4ac6969e5b72ad3d507d047dd7d600aa_11.2.1"},"C:\\Users\\UCHE\\Desktop\\More Recipe\\server\\functions\\validateSignup.js":{"path":"C:\\Users\\UCHE\\Desktop\\More Recipe\\server\\functions\\validateSignup.js","statementMap":{"0":{"start":{"line":3,"column":0},"end":{"line":5,"column":3}},"1":{"start":{"line":7,"column":17},"end":{"line":7,"column":37}},"2":{"start":{"line":9,"column":18},"end":{"line":9,"column":52}},"3":{"start":{"line":11,"column":14},"end":{"line":11,"column":39}},"4":{"start":{"line":13,"column":15},"end":{"line":13,"column":46}},"5":{"start":{"line":15,"column":39},"end":{"line":15,"column":93}},"6":{"start":{"line":17,"column":21},"end":{"line":53,"column":1}},"7":{"start":{"line":18,"column":15},"end":{"line":18,"column":17}},"8":{"start":{"line":19,"column":2},"end":{"line":21,"column":3}},"9":{"start":{"line":20,"column":4},"end":{"line":20,"column":46}},"10":{"start":{"line":22,"column":2},"end":{"line":24,"column":3}},"11":{"start":{"line":23,"column":4},"end":{"line":23,"column":56}},"12":{"start":{"line":25,"column":2},"end":{"line":27,"column":3}},"13":{"start":{"line":26,"column":4},"end":{"line":26,"column":44}},"14":{"start":{"line":28,"column":2},"end":{"line":30,"column":3}},"15":{"start":{"line":29,"column":4},"end":{"line":29,"column":54}},"16":{"start":{"line":31,"column":2},"end":{"line":33,"column":3}},"17":{"start":{"line":32,"column":4},"end":{"line":32,"column":37}},"18":{"start":{"line":34,"column":2},"end":{"line":36,"column":3}},"19":{"start":{"line":35,"column":4},"end":{"line":35,"column":39}},"20":{"start":{"line":37,"column":2},"end":{"line":39,"column":3}},"21":{"start":{"line":38,"column":4},"end":{"line":38,"column":48}},"22":{"start":{"line":40,"column":2},"end":{"line":42,"column":3}},"23":{"start":{"line":41,"column":4},"end":{"line":41,"column":65}},"24":{"start":{"line":43,"column":2},"end":{"line":45,"column":3}},"25":{"start":{"line":44,"column":4},"end":{"line":44,"column":63}},"26":{"start":{"line":46,"column":2},"end":{"line":48,"column":3}},"27":{"start":{"line":47,"column":4},"end":{"line":47,"column":54}},"28":{"start":{"line":49,"column":2},"end":{"line":52,"column":4}},"29":{"start":{"line":55,"column":0},"end":{"line":55,"column":33}}},"fnMap":{"0":{"name":"_interopRequireDefault","decl":{"start":{"line":15,"column":9},"end":{"line":15,"column":31}},"loc":{"start":{"line":15,"column":37},"end":{"line":15,"column":95}},"line":15},"1":{"name":"validateSignUp","decl":{"start":{"line":17,"column":30},"end":{"line":17,"column":44}},"loc":{"start":{"line":17,"column":52},"end":{"line":53,"column":1}},"line":17}},"branchMap":{"0":{"loc":{"start":{"line":15,"column":46},"end":{"line":15,"column":92}},"type":"cond-expr","locations":[{"start":{"line":15,"column":70},"end":{"line":15,"column":73}},{"start":{"line":15,"column":76},"end":{"line":15,"column":92}}],"line":15},"1":{"loc":{"start":{"line":15,"column":46},"end":{"line":15,"column":67}},"type":"binary-expr","locations":[{"start":{"line":15,"column":46},"end":{"line":15,"column":49}},{"start":{"line":15,"column":53},"end":{"line":15,"column":67}}],"line":15},"2":{"loc":{"start":{"line":19,"column":2},"end":{"line":21,"column":3}},"type":"if","locations":[{"start":{"line":19,"column":2},"end":{"line":21,"column":3}},{"start":{"line":19,"column":2},"end":{"line":21,"column":3}}],"line":19},"3":{"loc":{"start":{"line":22,"column":2},"end":{"line":24,"column":3}},"type":"if","locations":[{"start":{"line":22,"column":2},"end":{"line":24,"column":3}},{"start":{"line":22,"column":2},"end":{"line":24,"column":3}}],"line":22},"4":{"loc":{"start":{"line":25,"column":2},"end":{"line":27,"column":3}},"type":"if","locations":[{"start":{"line":25,"column":2},"end":{"line":27,"column":3}},{"start":{"line":25,"column":2},"end":{"line":27,"column":3}}],"line":25},"5":{"loc":{"start":{"line":28,"column":2},"end":{"line":30,"column":3}},"type":"if","locations":[{"start":{"line":28,"column":2},"end":{"line":30,"column":3}},{"start":{"line":28,"column":2},"end":{"line":30,"column":3}}],"line":28},"6":{"loc":{"start":{"line":31,"column":2},"end":{"line":33,"column":3}},"type":"if","locations":[{"start":{"line":31,"column":2},"end":{"line":33,"column":3}},{"start":{"line":31,"column":2},"end":{"line":33,"column":3}}],"line":31},"7":{"loc":{"start":{"line":34,"column":2},"end":{"line":36,"column":3}},"type":"if","locations":[{"start":{"line":34,"column":2},"end":{"line":36,"column":3}},{"start":{"line":34,"column":2},"end":{"line":36,"column":3}}],"line":34},"8":{"loc":{"start":{"line":37,"column":2},"end":{"line":39,"column":3}},"type":"if","locations":[{"start":{"line":37,"column":2},"end":{"line":39,"column":3}},{"start":{"line":37,"column":2},"end":{"line":39,"column":3}}],"line":37},"9":{"loc":{"start":{"line":40,"column":2},"end":{"line":42,"column":3}},"type":"if","locations":[{"start":{"line":40,"column":2},"end":{"line":42,"column":3}},{"start":{"line":40,"column":2},"end":{"line":42,"column":3}}],"line":40},"10":{"loc":{"start":{"line":43,"column":2},"end":{"line":45,"column":3}},"type":"if","locations":[{"start":{"line":43,"column":2},"end":{"line":45,"column":3}},{"start":{"line":43,"column":2},"end":{"line":45,"column":3}}],"line":43},"11":{"loc":{"start":{"line":46,"column":2},"end":{"line":48,"column":3}},"type":"if","locations":[{"start":{"line":46,"column":2},"end":{"line":48,"column":3}},{"start":{"line":46,"column":2},"end":{"line":48,"column":3}}],"line":46}},"s":{"0":1,"1":1,"2":1,"3":1,"4":1,"5":2,"6":1,"7":3,"8":3,"9":0,"10":0,"11":0,"12":0,"13":0,"14":0,"15":0,"16":0,"17":0,"18":0,"19":0,"20":0,"21":0,"22":0,"23":0,"24":0,"25":0,"26":0,"27":0,"28":0,"29":1},"f":{"0":2,"1":3},"b":{"0":[0,2],"1":[2,2],"2":[0,0],"3":[0,0],"4":[0,0],"5":[0,0],"6":[0,0],"7":[0,0],"8":[0,0],"9":[0,0],"10":[0,0],"11":[0,0]},"_coverageSchema":"332fd63041d2c1bcb487cc26dd0d5f7d97098a6c","hash":"7dc84ca9bb4e06377b661d0498ef3038c64aa84a","contentHash":"7c11367cea6906618c93c5efde86be40_11.2.1"},"C:\\Users\\UCHE\\Desktop\\More Recipe\\server\\functions\\validateLogin.js":{"path":"C:\\Users\\UCHE\\Desktop\\More Recipe\\server\\functions\\validateLogin.js","statementMap":{"0":{"start":{"line":3,"column":0},"end":{"line":5,"column":3}},"1":{"start":{"line":7,"column":17},"end":{"line":7,"column":37}},"2":{"start":{"line":9,"column":18},"end":{"line":9,"column":52}},"3":{"start":{"line":11,"column":14},"end":{"line":11,"column":39}},"4":{"start":{"line":13,"column":15},"end":{"line":13,"column":46}},"5":{"start":{"line":15,"column":39},"end":{"line":15,"column":93}},"6":{"start":{"line":17,"column":20},"end":{"line":32,"column":1}},"7":{"start":{"line":18,"column":15},"end":{"line":18,"column":17}},"8":{"start":{"line":19,"column":2},"end":{"line":21,"column":3}},"9":{"start":{"line":20,"column":4},"end":{"line":20,"column":37}},"10":{"start":{"line":22,"column":2},"end":{"line":24,"column":3}},"11":{"start":{"line":23,"column":4},"end":{"line":23,"column":39}},"12":{"start":{"line":25,"column":2},"end":{"line":27,"column":3}},"13":{"start":{"line":26,"column":4},"end":{"line":26,"column":43}},"14":{"start":{"line":28,"column":2},"end":{"line":31,"column":4}},"15":{"start":{"line":34,"column":0},"end":{"line":34,"column":32}}},"fnMap":{"0":{"name":"_interopRequireDefault","decl":{"start":{"line":15,"column":9},"end":{"line":15,"column":31}},"loc":{"start":{"line":15,"column":37},"end":{"line":15,"column":95}},"line":15},"1":{"name":"validateLogin","decl":{"start":{"line":17,"column":29},"end":{"line":17,"column":42}},"loc":{"start":{"line":17,"column":50},"end":{"line":32,"column":1}},"line":17}},"branchMap":{"0":{"loc":{"start":{"line":15,"column":46},"end":{"line":15,"column":92}},"type":"cond-expr","locations":[{"start":{"line":15,"column":70},"end":{"line":15,"column":73}},{"start":{"line":15,"column":76},"end":{"line":15,"column":92}}],"line":15},"1":{"loc":{"start":{"line":15,"column":46},"end":{"line":15,"column":67}},"type":"binary-expr","locations":[{"start":{"line":15,"column":46},"end":{"line":15,"column":49}},{"start":{"line":15,"column":53},"end":{"line":15,"column":67}}],"line":15},"2":{"loc":{"start":{"line":19,"column":2},"end":{"line":21,"column":3}},"type":"if","locations":[{"start":{"line":19,"column":2},"end":{"line":21,"column":3}},{"start":{"line":19,"column":2},"end":{"line":21,"column":3}}],"line":19},"3":{"loc":{"start":{"line":22,"column":2},"end":{"line":24,"column":3}},"type":"if","locations":[{"start":{"line":22,"column":2},"end":{"line":24,"column":3}},{"start":{"line":22,"column":2},"end":{"line":24,"column":3}}],"line":22},"4":{"loc":{"start":{"line":25,"column":2},"end":{"line":27,"column":3}},"type":"if","locations":[{"start":{"line":25,"column":2},"end":{"line":27,"column":3}},{"start":{"line":25,"column":2},"end":{"line":27,"column":3}}],"line":25}},"s":{"0":1,"1":1,"2":1,"3":1,"4":1,"5":2,"6":1,"7":5,"8":5,"9":0,"10":5,"11":2,"12":5,"13":1,"14":5,"15":1},"f":{"0":2,"1":5},"b":{"0":[0,2],"1":[2,2],"2":[0,5],"3":[2,3],"4":[1,4]},"_coverageSchema":"332fd63041d2c1bcb487cc26dd0d5f7d97098a6c","hash":"04bcb5ae297232403b34032d1c59c2a86614545a","contentHash":"bdc39c489b487848e57749a790cb0c8d_11.2.1"},"C:\\Users\\UCHE\\Desktop\\More Recipe\\server\\functions\\encryption.js":{"path":"C:\\Users\\UCHE\\Desktop\\More Recipe\\server\\functions\\encryption.js","statementMap":{"0":{"start":{"line":3,"column":0},"end":{"line":5,"column":3}},"1":{"start":{"line":7,"column":19},"end":{"line":7,"column":563}},"2":{"start":{"line":7,"column":76},"end":{"line":7,"column":347}},"3":{"start":{"line":7,"column":134},"end":{"line":7,"column":142}},"4":{"start":{"line":7,"column":144},"end":{"line":7,"column":199}},"5":{"start":{"line":7,"column":200},"end":{"line":7,"column":231}},"6":{"start":{"line":7,"column":232},"end":{"line":7,"column":286}},"7":{"start":{"line":7,"column":259},"end":{"line":7,"column":286}},"8":{"start":{"line":7,"column":287},"end":{"line":7,"column":345}},"9":{"start":{"line":7,"column":350},"end":{"line":7,"column":559}},"10":{"start":{"line":7,"column":407},"end":{"line":7,"column":475}},"11":{"start":{"line":7,"column":423},"end":{"line":7,"column":475}},"12":{"start":{"line":7,"column":476},"end":{"line":7,"column":536}},"13":{"start":{"line":7,"column":493},"end":{"line":7,"column":536}},"14":{"start":{"line":7,"column":537},"end":{"line":7,"column":556}},"15":{"start":{"line":9,"column":14},"end":{"line":9,"column":31}},"16":{"start":{"line":11,"column":15},"end":{"line":11,"column":46}},"17":{"start":{"line":13,"column":39},"end":{"line":13,"column":93}},"18":{"start":{"line":15,"column":50},"end":{"line":15,"column":151}},"19":{"start":{"line":15,"column":92},"end":{"line":15,"column":149}},"20":{"start":{"line":23,"column":21},"end":{"line":69,"column":3}},"21":{"start":{"line":25,"column":4},"end":{"line":25,"column":42}},"22":{"start":{"line":28,"column":2},"end":{"line":66,"column":6}},"23":{"start":{"line":39,"column":6},"end":{"line":39,"column":51}},"24":{"start":{"line":40,"column":17},"end":{"line":40,"column":63}},"25":{"start":{"line":41,"column":6},"end":{"line":41,"column":18}},"26":{"start":{"line":63,"column":6},"end":{"line":63,"column":65}},"27":{"start":{"line":64,"column":6},"end":{"line":64,"column":25}},"28":{"start":{"line":68,"column":2},"end":{"line":68,"column":24}},"29":{"start":{"line":71,"column":0},"end":{"line":71,"column":33}}},"fnMap":{"0":{"name":"(anonymous_0)","decl":{"start":{"line":7,"column":19},"end":{"line":7,"column":20}},"loc":{"start":{"line":7,"column":31},"end":{"line":7,"column":561}},"line":7},"1":{"name":"defineProperties","decl":{"start":{"line":7,"column":42},"end":{"line":7,"column":58}},"loc":{"start":{"line":7,"column":74},"end":{"line":7,"column":349}},"line":7},"2":{"name":"(anonymous_2)","decl":{"start":{"line":7,"column":357},"end":{"line":7,"column":358}},"loc":{"start":{"line":7,"column":405},"end":{"line":7,"column":558}},"line":7},"3":{"name":"_interopRequireDefault","decl":{"start":{"line":13,"column":9},"end":{"line":13,"column":31}},"loc":{"start":{"line":13,"column":37},"end":{"line":13,"column":95}},"line":13},"4":{"name":"_classCallCheck","decl":{"start":{"line":15,"column":9},"end":{"line":15,"column":24}},"loc":{"start":{"line":15,"column":48},"end":{"line":15,"column":153}},"line":15},"5":{"name":"(anonymous_5)","decl":{"start":{"line":23,"column":21},"end":{"line":23,"column":22}},"loc":{"start":{"line":23,"column":33},"end":{"line":69,"column":1}},"line":23},"6":{"name":"PasswordHelper","decl":{"start":{"line":24,"column":11},"end":{"line":24,"column":25}},"loc":{"start":{"line":24,"column":28},"end":{"line":26,"column":3}},"line":24},"7":{"name":"hashPassword","decl":{"start":{"line":38,"column":20},"end":{"line":38,"column":32}},"loc":{"start":{"line":38,"column":43},"end":{"line":42,"column":5}},"line":38},"8":{"name":"decrypt","decl":{"start":{"line":62,"column":20},"end":{"line":62,"column":27}},"loc":{"start":{"line":62,"column":44},"end":{"line":65,"column":5}},"line":62}},"branchMap":{"0":{"loc":{"start":{"line":7,"column":168},"end":{"line":7,"column":198}},"type":"binary-expr","locations":[{"start":{"line":7,"column":168},"end":{"line":7,"column":189}},{"start":{"line":7,"column":193},"end":{"line":7,"column":198}}],"line":7},"1":{"loc":{"start":{"line":7,"column":232},"end":{"line":7,"column":286}},"type":"if","locations":[{"start":{"line":7,"column":232},"end":{"line":7,"column":286}},{"start":{"line":7,"column":232},"end":{"line":7,"column":286}}],"line":7},"2":{"loc":{"start":{"line":7,"column":407},"end":{"line":7,"column":475}},"type":"if","locations":[{"start":{"line":7,"column":407},"end":{"line":7,"column":475}},{"start":{"line":7,"column":407},"end":{"line":7,"column":475}}],"line":7},"3":{"loc":{"start":{"line":7,"column":476},"end":{"line":7,"column":536}},"type":"if","locations":[{"start":{"line":7,"column":476},"end":{"line":7,"column":536}},{"start":{"line":7,"column":476},"end":{"line":7,"column":536}}],"line":7},"4":{"loc":{"start":{"line":13,"column":46},"end":{"line":13,"column":92}},"type":"cond-expr","locations":[{"start":{"line":13,"column":70},"end":{"line":13,"column":73}},{"start":{"line":13,"column":76},"end":{"line":13,"column":92}}],"line":13},"5":{"loc":{"start":{"line":13,"column":46},"end":{"line":13,"column":67}},"type":"binary-expr","locations":[{"start":{"line":13,"column":46},"end":{"line":13,"column":49}},{"start":{"line":13,"column":53},"end":{"line":13,"column":67}}],"line":13},"6":{"loc":{"start":{"line":15,"column":50},"end":{"line":15,"column":151}},"type":"if","locations":[{"start":{"line":15,"column":50},"end":{"line":15,"column":151}},{"start":{"line":15,"column":50},"end":{"line":15,"column":151}}],"line":15}},"s":{"0":1,"1":1,"2":1,"3":2,"4":2,"5":2,"6":2,"7":2,"8":2,"9":1,"10":1,"11":1,"12":1,"13":0,"14":1,"15":1,"16":1,"17":1,"18":1,"19":0,"20":1,"21":1,"22":1,"23":0,"24":0,"25":0,"26":0,"27":0,"28":1,"29":1},"f":{"0":1,"1":1,"2":1,"3":1,"4":1,"5":1,"6":1,"7":0,"8":0},"b":{"0":[2,2],"1":[2,0],"2":[1,0],"3":[0,1],"4":[0,1],"5":[1,1],"6":[0,1]},"_coverageSchema":"332fd63041d2c1bcb487cc26dd0d5f7d97098a6c","hash":"dc9eb995e1d4b0c4352411d27184f26f667fb179","contentHash":"695b5dee3f9f8b7e38b6914d1cd7b9a4_11.2.1"},"C:\\Users\\UCHE\\Desktop\\More Recipe\\server\\controlllers\\recipes.js":{"path":"C:\\Users\\UCHE\\Desktop\\More Recipe\\server\\controlllers\\recipes.js","statementMap":{"0":{"start":{"line":3,"column":0},"end":{"line":5,"column":3}},"1":{"start":
[...]
{"line":28,"column":33}}},"fnMap":{"0":{"name":"_interopRequireDefault","decl":{"start":{"line":15,"column":9},"end":{"line":15,"column":31}},"loc":{"start":{"line":15,"column":37},"end":{"line":15,"column":95}},"line":15},"1":{"name":"validateReview","decl":{"start":{"line":17,"column":30},"end":{"line":17,"column":44}},"loc":{"start":{"line":17,"column":52},"end":{"line":26,"column":1}},"line":17}},"branchMap":{"0":{"loc":{"start":{"line":15,"column":46},"end":{"line":15,"column":92}},"type":"cond-expr","locations":[{"start":{"line":15,"column":70},"end":{"line":15,"column":73}},{"start":{"line":15,"column":76},"end":{"line":15,"column":92}}],"line":15},"1":{"loc":{"start":{"line":15,"column":46},"end":{"line":15,"column":67}},"type":"binary-expr","locations":[{"start":{"line":15,"column":46},"end":{"line":15,"column":49}},{"start":{"line":15,"column":53},"end":{"line":15,"column":67}}],"line":15},"2":{"loc":{"start":{"line":19,"column":2},"end":{"line":21,"column":3}},"type":"if","locations":[{"start":{"line":19,"column":2},"end":{"line":21,"column":3}},{"start":{"line":19,"column":2},"end":{"line":21,"column":3}}],"line":19}},"s":{"0":1,"1":1,"2":1,"3":1,"4":1,"5":2,"6":1,"7":0,"8":0,"9":0,"10":0,"11":1},"f":{"0":2,"1":0},"b":{"0":[0,2],"1":[2,2],"2":[0,0]},"_coverageSchema":"332fd63041d2c1bcb487cc26dd0d5f7d97098a6c","hash":"ae14d108f8201acbf50e58a0353ed57c960142a5","contentHash":"a2a15f59adc4fdb33aa9d106b98b4af7_11.2.1"},"C:\\Users\\UCHE\\Desktop\\More Recipe\\server\\controlllers\\votes.js":{"path":"C:\\Users\\UCHE\\Desktop\\More Recipe\\server\\controlllers\\votes.js","statementMap":{"0":{"start":{"line":3,"column":0},"end":{"line":5,"column":3}},"1":{"start":{"line":7,"column":19},"end":{"line":7,"column":563}},"2":{"start":{"line":7,"column":76},"end":{"line":7,"column":347}},"3":{"start":{"line":7,"column":134},"end":{"line":7,"column":142}},"4":{"start":{"line":7,"column":144},"end":{"line":7,"column":199}},"5":{"start":{"line":7,"column":200},"end":{"line":7,"column":231}},"6":{"start":{"line":7,"column":232},"end":{"line":7,"column":286}},"7":{"start":{"line":7,"column":259},"end":{"line":7,"column":286}},"8":{"start":{"line":7,"column":287},"end":{"line":7,"column":345}},"9":{"start":{"line":7,"column":350},"end":{"line":7,"column":559}},"10":{"start":{"line":7,"column":407},"end":{"line":7,"column":475}},"11":{"start":{"line":7,"column":423},"end":{"line":7,"column":475}},"12":{"start":{"line":7,"column":476},"end":{"line":7,"column":536}},"13":{"start":{"line":7,"column":493},"end":{"line":7,"column":536}},"14":{"start":{"line":7,"column":537},"end":{"line":7,"column":556}},"15":{"start":{"line":9,"column":14},"end":{"line":9,"column":34}},"16":{"start":{"line":11,"column":15},"end":{"line":11,"column":46}},"17":{"start":{"line":13,"column":39},"end":{"line":13,"column":93}},"18":{"start":{"line":15,"column":50},"end":{"line":15,"column":151}},"19":{"start":{"line":15,"column":92},"end":{"line":15,"column":149}},"20":{"start":{"line":17,"column":13},"end":{"line":17,"column":36}},"21":{"start":{"line":18,"column":13},"end":{"line":18,"column":36}},"22":{"start":{"line":19,"column":11},"end":{"line":19,"column":32}},"23":{"start":{"line":20,"column":13},"end":{"line":20,"column":36}},"24":{"start":{"line":21,"column":15},"end":{"line":21,"column":40}},"25":{"start":{"line":30,"column":11},"end":{"line":74,"column":3}},"26":{"start":{"line":32,"column":4},"end":{"line":32,"column":32}},"27":{"start":{"line":35,"column":2},"end":{"line":71,"column":6}},"28":{"start":{"line":47,"column":6},"end":{"line":49,"column":7}},"29":{"start":{"line":48,"column":8},"end":{"line":48,"column":70}},"30":{"start":{"line":50,"column":6},"end":{"line":52,"column":7}},"31":{"start":{"line":51,"column":8},"end":{"line":51,"column":85}},"32":{"start":{"line":54,"column":6},"end":{"line":66,"column":9}},"33":{"start":{"line":60,"column":8},"end":{"line":62,"column":9}},"34":{"start":{"line":61,"column":10},"end":{"line":61,"column":51}},"35":{"start":{"line":63,"column":8},"end":{"line":63,"column":45}},"36":{"start":{"line":65,"column":8},"end":{"line":65,"column":43}},"37":{"start":{"line":69,"column":6},"end":{"line":69,"column":18}},"38":{"start":{"line":73,"column":2},"end":{"line":73,"column":14}},"39":{"start":{"line":76,"column":0},"end":{"line":76,"column":23}}},"fnMap":{"0":{"name":"(anonymous_0)","decl":{"start":{"line":7,"column":19},"end":{"line":7,"column":20}},"loc":{"start":{"line":7,"column":31},"end":{"line":7,"column":561}},"line":7},"1":{"name":"defineProperties","decl":{"start":{"line":7,"column":42},"end":{"line":7,"column":58}},"loc":{"start":{"line":7,"column":74},"end":{"line":7,"column":349}},"line":7},"2":{"name":"(anonymous_2)","decl":{"start":{"line":7,"column":357},"end":{"line":7,"column":358}},"loc":{"start":{"line":7,"column":405},"end":{"line":7,"column":558}},"line":7},"3":{"name":"_interopRequireDefault","decl":{"start":{"line":13,"column":9},"end":{"line":13,"column":31}},"loc":{"start":{"line":13,"column":37},"end":{"line":13,"column":95}},"line":13},"4":{"name":"_classCallCheck","decl":{"start":{"line":15,"column":9},"end":{"line":15,"column":24}},"loc":{"start":{"line":15,"column":48},"end":{"line":15,"column":153}},"line":15},"5":{"name":"(anonymous_5)","decl":{"start":{"line":30,"column":11},"end":{"line":30,"column":12}},"loc":{"start":{"line":30,"column":23},"end":{"line":74,"column":1}},"line":30},"6":{"name":"Vote","decl":{"start":{"line":31,"column":11},"end":{"line":31,"column":15}},"loc":{"start":{"line":31,"column":18},"end":{"line":33,"column":3}},"line":31},"7":{"name":"upvote","decl":{"start":{"line":46,"column":20},"end":{"line":46,"column":26}},"loc":{"start":{"line":46,"column":37},"end":{"line":70,"column":5}},"line":46},"8":{"name":"(anonymous_8)","decl":{"start":{"line":59,"column":14},"end":{"line":59,"column":15}},"loc":{"start":{"line":59,"column":31},"end":{"line":64,"column":7}},"line":59},"9":{"name":"(anonymous_9)","decl":{"start":{"line":64,"column":15},"end":{"line":64,"column":16}},"loc":{"start":{"line":64,"column":32},"end":{"line":66,"column":7}},"line":64}},"branchMap":{"0":{"loc":{"start":{"line":7,"column":168},"end":{"line":7,"column":198}},"type":"binary-expr","locations":[{"start":{"line":7,"column":168},"end":{"line":7,"column":189}},{"start":{"line":7,"column":193},"end":{"line":7,"column":198}}],"line":7},"1":{"loc":{"start":{"line":7,"column":232},"end":{"line":7,"column":286}},"type":"if","locations":[{"start":{"line":7,"column":232},"end":{"line":7,"column":286}},{"start":{"line":7,"column":232},"end":{"line":7,"column":286}}],"line":7},"2":{"loc":{"start":{"line":7,"column":407},"end":{"line":7,"column":475}},"type":"if","locations":[{"start":{"line":7,"column":407},"end":{"line":7,"column":475}},{"start":{"line":7,"column":407},"end":{"line":7,"column":475}}],"line":7},"3":{"loc":{"start":{"line":7,"column":476},"end":{"line":7,"column":536}},"type":"if","locations":[{"start":{"line":7,"column":476},"end":{"line":7,"column":536}},{"start":{"line":7,"column":476},"end":{"line":7,"column":536}}],"line":7},"4":{"loc":{"start":{"line":13,"column":46},"end":{"line":13,"column":92}},"type":"cond-expr","locations":[{"start":{"line":13,"column":70},"end":{"line":13,"column":73}},{"start":{"line":13,"column":76},"end":{"line":13,"column":92}}],"line":13},"5":{"loc":{"start":{"line":13,"column":46},"end":{"line":13,"column":67}},"type":"binary-expr","locations":[{"start":{"line":13,"column":46},"end":{"line":13,"column":49}},{"start":{"line":13,"column":53},"end":{"line":13,"column":67}}],"line":13},"6":{"loc":{"start":{"line":15,"column":50},"end":{"line":15,"column":151}},"type":"if","locations":[{"start":{"line":15,"column":50},"end":{"line":15,"column":151}},{"start":{"line":15,"column":50},"end":{"line":15,"column":151}}],"line":15},"7":{"loc":{"start":{"line":47,"column":6},"end":{"line":49,"column":7}},"type":"if","locations":[{"start":{"line":47,"column":6},"end":{"line":49,"column":7}},{"start":{"line":47,"column":6},"end":{"line":49,"column":7}}],"line":47},"8":{"loc":{"start":{"line":50,"column":6},"end":{"line":52,"column":7}},"type":"if","locations":[{"start":{"line":50,"column":6},"end":{"line":52,"column":7}},{"start":{"line":50,"column":6},"end":{"line":52,"column":7}}],"line":50},"9":{"loc":{"start":{"line":60,"column":8},"end":{"line":62,"column":9}},"type":"if","locations":[{"start":{"line":60,"column":8},"end":{"line":62,"column":9}},{"start":{"line":60,"column":8},"end":{"line":62,"column":9}}],"line":60}},"s":{"0":1,"1":1,"2":1,"3":1,"4":1,"5":1,"6":1,"7":1,"8":1,"9":1,"10":1,"11":1,"12":1,"13":0,"14":1,"15":1,"16":1,"17":1,"18":1,"19":0,"20":1,"21":1,"22":1,"23":1,"24":1,"25":1,"26":1,"27":1,"28":0,"29":0,"30":0,"31":0,"32":0,"33":0,"34":0,"35":0,"36":0,"37":0,"38":1,"39":1},"f":{"0":1,"1":1,"2":1,"3":1,"4":1,"5":1,"6":1,"7":0,"8":0,"9":0},"b":{"0":[1,1],"1":[1,0],"2":[1,0],"3":[0,1],"4":[0,1],"5":[1,1],"6":[0,1],"7":[0,0],"8":[0,0],"9":[0,0]},"_coverageSchema":"332fd63041d2c1bcb487cc26dd0d5f7d97098a6c","hash":"34df9a32c391c74f777779f7448cc3d34c03b1ec","contentHash":"b158a6cd0bdc38dba798e985513fb570_11.2.1"},"C:\\Users\\UCHE\\Desktop\\More Recipe\\server\\controlllers\\favorites.js":{"path":"C:\\Users\\UCHE\\Desktop\\More Recipe\\server\\controlllers\\favorites.js","statementMap":{"0":{"start":{"line":3,"column":0},"end":{"line":5,"column":3}},"1":{"start":{"line":7,"column":19},"end":{"line":7,"column":563}},"2":{"start":{"line":7,"column":76},"end":{"line":7,"column":347}},"3":{"start":{"line":7,"column":134},"end":{"line":7,"column":142}},"4":{"start":{"line":7,"column":144},"end":{"line":7,"column":199}},"5":{"start":{"line":7,"column":200},"end":{"line":7,"column":231}},"6":{"start":{"line":7,"column":232},"end":{"line":7,"column":286}},"7":{"start":{"line":7,"column":259},"end":{"line":7,"column":286}},"8":{"start":{"line":7,"column":287},"end":{"line":7,"column":345}},"9":{"start":{"line":7,"column":350},"end":{"line":7,"column":559}},"10":{"start":{"line":7,"column":407},"end":{"line":7,"column":475}},"11":{"start":{"line":7,"column":423},"end":{"line":7,"column":475}},"12":{"start":{"line":7,"column":476},"end":{"line":7,"column":536}},"13":{"start":{"line":7,"column":493},"end":{"line":7,"column":536}},"14":{"start":{"line":7,"column":537},"end":{"line":7,"column":556}},"15":{"start":{"line":9,"column":14},"end":{"line":9,"column":34}},"16":{"start":{"line":11,"column":15},"end":{"line":11,"column":46}},"17":{"start":{"line":13,"column":39},"end":{"line":13,"column":93}},"18":{"start":{"line":15,"column":50},"end":{"line":15,"column":151}},"19":{"start":{"line":15,"column":92},"end":{"line":15,"column":149}},"20":{"start":{"line":17,"column":13},"end":{"line":17,"column":36}},"21":{"start":{"line":18,"column":11},"end":{"line":18,"column":32}},"22":{"start":{"line":19,"column":13},"end":{"line":19,"column":36}},"23":{"start":{"line":20,"column":16},"end":{"line":20,"column":42}},"24":{"start":{"line":29,"column":16},"end":{"line":131,"column":3}},"25":{"start":{"line":31,"column":4},"end":{"line":31,"column":37}},"26":{"start":{"line":34,"column":2},"end":{"line":128,"column":6}},"27":{"start":{"line":46,"column":6},"end":{"line":48,"column":7}},"28":{"start":{"line":47,"column":8},"end":{"line":47,"column":73}},"29":{"start":{"line":49,"column":6},"end":{"line":51,"column":7}},"30":{"start":{"line":50,"column":8},"end":{"line":50,"column":85}},"31":{"start":{"line":52,"column":6},"end":{"line":86,"column":9}},"32":{"start":{"line":53,"column":8},"end":{"line":55,"column":9}},"33":{"start":{"line":54,"column":10},"end":{"line":54,"column":76}},"34":{"start":{"line":56,"column":8},"end":{"line":83,"column":11}},"35":{"start":{"line":64,"column":10},"end":{"line":69,"column":11}},"36":{"start":{"line":65,"column":12},"end":{"line":68,"column":15}},"37":{"start":{"line":70,"column":10},"end":{"line":80,"column":13}},"38":{"start":{"line":74,"column":12},"end":{"line":77,"column":15}},"39":{"start":{"line":79,"column":12},"end":{"line":79,"column":91}},"40":{"start":{"line":82,"column":10},"end":{"line":82,"column":64}},"41":{"start":{"line":85,"column":8},"end":{"line":85,"column":85}},"42":{"start":{"line":88,"column":6},"end":{"line":88,"column":18}},"43":{"start":{"line":102,"column":6},"end":{"line":125,"column":9}},"44":{"start":{"line":110,"column":8},"end":{"line":115,"column":9}},"45":{"start":{"line":111,"column":10},"end":{"line":114,"column":13}},"46":{"start":{"line":116,"column":8},"end":{"line":121,"column":9}},"47":{"start":{"line":117,"column":10},"end":{"line":120,"column":13}},"48":{"start":{"line":123,"column":8},"end":{"line":123,"column":27}},"49":{"start":{"line":124,"column":8},"end":{"line":124,"column":87}},"50":{"start":{"line":126,"column":6},"end":{"line":126,"column":18}},"51":{"start":{"line":130,"column":2},"end":{"line":130,"column":19}},"52":{"start":{"line":133,"column":0},"end":{"line":133,"column":28}}},"fnMap":{"0":{"name":"(anonymous_0)","decl":{"start":{"line":7,"column":19},"end":{"line":7,"column":20}},"loc":{"start":{"line":7,"column":31},"end":{"line":7,"column":561}},"line":7},"1":{"name":"defineProperties","decl":{"start":{"line":7,"column":42},"end":{"line":7,"column":58}},"loc":{"start":{"line":7,"column":74},"end":{"line":7,"column":349}},"line":7},"2":{"name":"(anonymous_2)","decl":{"start":{"line":7,"column":357},"end":{"line":7,"column":358}},"loc":{"start":{"line":7,"column":405},"end":{"line":7,"column":558}},"line":7},"3":{"name":"_interopRequireDefault","decl":{"start":{"line":13,"column":9},"end":{"line":13,"column":31}},"loc":{"start":{"line":13,"column":37},"end":{"line":13,"column":95}},"line":13},"4":{"name":"_classCallCheck","decl":{"start":{"line":15,"column":9},"end":{"line":15,"column":24}},"loc":{"start":{"line":15,"column":48},"end":{"line":15,"column":153}},"line":15},"5":{"name":"(anonymous_5)","decl":{"start":{"line":29,"column":16},"end":{"line":29,"column":17}},"loc":{"start":{"line":29,"column":28},"end":{"line":131,"column":1}},"line":29},"6":{"name":"Favourite","decl":{"start":{"line":30,"column":11},"end":{"line":30,"column":20}},"loc":{"start":{"line":30,"column":23},"end":{"line":32,"column":3}},"line":30},"7":{"name":"addFavourite","decl":{"start":{"line":45,"column":20},"end":{"line":45,"column":32}},"loc":{"start":{"line":45,"column":43},"end":{"line":89,"column":5}},"line":45},"8":{"name":"(anonymous_8)","decl":{"start":{"line":52,"column":48},"end":{"line":52,"column":49}},"loc":{"start":{"line":52,"column":65},"end":{"line":84,"column":7}},"line":52},"9":{"name":"(anonymous_9)","decl":{"start":{"line":63,"column":16},"end":{"line":63,"column":17}},"loc":{"start":{"line":63,"column":39},"end":{"line":81,"column":9}},"line":63},"10":{"name":"(anonymous_10)","decl":{"start":{"line":73,"column":18},"end":{"line":73,"column":19}},"loc":{"start":{"line":73,"column":30},"end":{"line":78,"column":11}},"line":73},"11":{"name":"(anonymous_11)","decl":{"start":{"line":78,"column":19},"end":{"line":78,"column":20}},"loc":{"start":{"line":78,"column":31},"end":{"line":80,"column":11}},"line":78},"12":{"name":"(anonymous_12)","decl":{"start":{"line":81,"column":17},"end":{"line":81,"column":18}},"loc":{"start":{"line":81,"column":29},"end":{"line":83,"column":9}},"line":81},"13":{"name":"(anonymous_13)","decl":{"start":{"line":84,"column":15},"end":{"line":84,"column":16}},"loc":{"start":{"line":84,"column":27},"end":{"line":86,"column":7}},"line":84},"14":{"name":"getAll","decl":{"start":{"line":101,"column":20},"end":{"line":101,"column":26}},"loc":{"start":{"line":101,"column":37},"end":{"line":127,"column":5}},"line":101},"15":{"name":"(anonymous_15)","decl":{"start":{"line":109,"column":14},"end":{"line":109,"column":15}},"loc":{"start":{"line":109,"column":31},"end":{"line":122,"column":7}},"line":109},"16":{"name":"(anonymous_16)","decl":{"start":{"line":122,"column":15},"end":{"line":122,"column":16}},"loc":{"start":{"line":122,"column":32},"end":{"line":125,"column":7}},"line":122}},"branchMap":{"0":{"loc":{"start":{"line":7,"column":168},"end":{"line":7,"column":198}},"type":"binary-expr","locations":[{"start":{"line":7,"column":168},"end":{"line":7,"column":189}},{"start":{"line":7,"column":193},"end":{"line":7,"column":198}}],"line":7},"1":{"loc":{"start":{"line":7,"column":232},"end":{"line":7,"column":286}},"type":"if","locations":[{"start":{"line":7,"column":232},"end":{"line":7,"column":286}},{"start":{"line":7,"column":232},"end":{"line":7,"column":286}}],"line":7},"2":{"loc":{"start":{"line":7,"column":407},"end":{"line":7,"column":475}},"type":"if","locations":[{"start":{"line":7,"column":407},"end":{"line":7,"column":475}},{"start":{"line":7,"column":407},"end":{"line":7,"column":475}}],"line":7},"3":{"loc":{"start":{"line":7,"column":476},"end":{"line":7,"column":536}},"type":"if","locations":[{"start":{"line":7,"column":476},"end":{"line":7,"column":536}},{"start":{"line":7,"column":476},"end":{"line":7,"column":536}}],"line":7},"4":{"loc":{"start":{"line":13,"column":46},"end":{"line":13,"column":92}},"type":"cond-expr","locations":[{"start":{"line":13,"column":70},"end":{"line":13,"column":73}},{"start":{"line":13,"column":76},"end":{"line":13,"column":92}}],"line":13},"5":{"loc":{"start":{"line":13,"column":46},"end":{"line":13,"column":67}},"type":"binary-expr","locations":[{"start":{"line":13,"column":46},"end":{"line":13,"column":49}},{"start":{"line":13,"column":53},"end":{"line":13,"column":67}}],"line":13},"6":{"loc":{"start":{"line":15,"column":50},"end":{"line":15,"column":151}},"type":"if","locations":[{"start":{"line":15,"column":50},"end":{"line":15,"column":151}},{"start":{"line":15,"column":50},"end":{"line":15,"column":151}}],"line":15},"7":{"loc":{"start":{"line":46,"column":6},"end":{"line":48,"column":7}},"type":"if","locations":[{"start":{"line":46,"column":6},"end":{"line":48,"column":7}},{"start":{"line":46,"column":6},"end":{"line":48,"column":7}}],"line":46},"8":{"loc":{"start":{"line":49,"column":6},"end":{"line":51,"column":7}},"type":"if","locations":[{"start":{"line":49,"column":6},"end":{"line":51,"column":7}},{"start":{"line":49,"column":6},"end":{"line":51,"column":7}}],"line":49},"9":{"loc":{"start":{"line":53,"column":8},"end":{"line":55,"column":9}},"type":"if","locations":[{"start":{"line":53,"column":8},"end":{"line":55,"column":9}},{"start":{"line":53,"column":8},"end":{"line":55,"column":9}}],"line":53},"10":{"loc":{"start":{"line":64,"column":10},"end":{"line":69,"column":11}},"type":"if","locations":[{"start":{"line":64,"column":10},"end":{"line":69,"column":11}},{"start":{"line":64,"column":10},"end":{"line":69,"column":11}}],"line":64},"11":{"loc":{"start":{"line":110,"column":8},"end":{"line":115,"column":9}},"type":"if","locations":[{"start":{"line":110,"column":8},"end":{"line":115,"column":9}},{"start":{"line":110,"column":8},"end":{"line":115,"column":9}}],"line":110},"12":{"loc":{"start":{"line":116,"column":8},"end":{"line":121,"column":9}},"type":"if","locations":[{"start":{"line":116,"column":8},"end":{"line":121,"column":9}},{"start":{"line":116,"column":8},"end":{"line":121,"column":9}}],"line":116}},"s":{"0":1,"1":1,"2":1,"3":2,"4":2,"5":2,"6":2,"7":2,"8":2,"9":1,"10":1,"11":1,"12":1,"13":0,"14":1,"15":1,"16":1,"17":1,"18":1,"19":0,"20":1,"21":1,"22":1,"23":1,"24":1,"25":1,"26":1,"27":0,"28":0,"29":0,"30":0,"31":0,"32":0,"33":0,"34":0,"35":0,"36":0,"37":0,"38":0,"39":0,"40":0,"41":0,"42":0,"43":0,"44":0,"45":0,"46":0,"47":0,"48":0,"49":0,"50":0,"51":1,"52":1},"f":{"0":1,"1":1,"2":1,"3":1,"4":1,"5":1,"6":1,"7":0,"8":0,"9":0,"10":0,"11":0,"12":0,"13":0,"14":0,"15":0,"16":0},"b":{"0":[2,2],"1":[2,0],"2":[1,0],"3":[0,1],"4":[0,1],"5":[1,1],"6":[0,1],"7":[0,0],"8":[0,0],"9":[0,0],"10":[0,0],"11":[0,0],"12":[0,0]},"_coverageSchema":"332fd63041d2c1bcb487cc26dd0d5f7d97098a6c","hash":"a8a4b1b8e35bc55f41b0127ae8a9eda0ea398ce9","contentHash":"af861230695d7aebb67b6a56aa1c3bb6_11.2.1"}}